#       r             V(r)
  8.38656570e-05  -9.53906556e+04
  8.47085208e-05  -9.44415027e+04
  8.55598556e-05  -9.35017941e+04
  8.64197465e-05  -9.25714357e+04
  8.72882794e-05  -9.16503345e+04
  8.81655412e-05  -9.07383984e+04
  8.90516196e-05  -8.98355363e+04
  8.99466032e-05  -8.89416577e+04
  9.08505816e-05  -8.80566735e+04
  9.17636451e-05  -8.71804949e+04
  9.26858851e-05  -8.63130345e+04
  9.36173937e-05  -8.54542055e+04
  9.45582642e-05  -8.46039219e+04
  9.55085906e-05  -8.37620988e+04
  9.64684678e-05  -8.29286520e+04
  9.74379921e-05  -8.21034981e+04
  9.84172602e-05  -8.12865547e+04
  9.94063701e-05  -8.04777399e+04
  1.00405421e-04  -7.96769731e+04
  1.01414512e-04  -7.88841739e+04
  1.02433745e-04  -7.80992633e+04
  1.03463221e-04  -7.73221626e+04
  1.04503044e-04  -7.65527943e+04
  1.05553317e-04  -7.57910812e+04
  1.06614145e-04  -7.50369474e+04
  1.07685635e-04  -7.42903173e+04
  1.08767894e-04  -7.35511163e+04
  1.09861029e-04  -7.28192704e+04
  1.10965151e-04  -7.20947066e+04
  1.12080369e-04  -7.13773523e+04
  1.13206796e-04  -7.06671357e+04
  1.14344543e-04  -6.99639860e+04
  1.15493725e-04  -6.92678327e+04
  1.16654456e-04  -6.85786062e+04
  1.17826853e-04  -6.78962377e+04
  1.19011032e-04  -6.72206589e+04
  1.20207113e-04  -6.65518021e+04
  1.21415215e-04  -6.58896006e+04
  1.22635458e-04  -6.52339882e+04
  1.23867965e-04  -6.45848991e+04
  1.25112858e-04  -6.39422686e+04
  1.26370263e-04  -6.33060324e+04
  1.27640306e-04  -6.26761269e+04
  1.28923112e-04  -6.20524890e+04
  1.30218811e-04  -6.14350564e+04
  1.31527532e-04  -6.08237674e+04
  1.32849405e-04  -6.02185608e+04
  1.34184564e-04  -5.96193761e+04
  1.35533141e-04  -5.90261534e+04
  1.36895272e-04  -5.84388334e+04
  1.38271093e-04  -5.78573573e+04
  1.39660740e-04  -5.72816669e+04
  1.41064354e-04  -5.67117048e+04
  1.42482074e-04  -5.61474139e+04
  1.43914043e-04  -5.55887378e+04
  1.45360403e-04  -5.50356207e+04
  1.46821299e-04  -5.44880071e+04
  1.48296878e-04  -5.39458423e+04
  1.49787286e-04  -5.34090722e+04
  1.51292674e-04  -5.28776431e+04
  1.52813190e-04  -5.23515018e+04
  1.54348988e-04  -5.18305956e+04
  1.55900221e-04  -5.13148726e+04
  1.57467045e-04  -5.08042811e+04
  1.59049615e-04  -5.02987700e+04
  1.60648090e-04  -4.97982889e+04
  1.62262630e-04  -4.93027876e+04
  1.63893397e-04  -4.88122167e+04
  1.65540553e-04  -4.83265270e+04
  1.67204263e-04  -4.78456701e+04
  1.68884694e-04  -4.73695977e+04
  1.70582013e-04  -4.68982623e+04
  1.72296391e-04  -4.64316168e+04
  1.74027998e-04  -4.59696145e+04
  1.75777009e-04  -4.55122092e+04
  1.77543597e-04  -4.50593551e+04
  1.79327940e-04  -4.46110071e+04
  1.81130216e-04  -4.41671201e+04
  1.82950605e-04  -4.37276499e+04
  1.84789289e-04  -4.32925526e+04
  1.86646452e-04  -4.28617845e+04
  1.88522280e-04  -4.24353026e+04
  1.90416961e-04  -4.20130643e+04
  1.92330683e-04  -4.15950273e+04
  1.94263638e-04  -4.11811499e+04
  1.96216020e-04  -4.07713906e+04
  1.98188024e-04  -4.03657085e+04
  2.00179847e-04  -3.99640629e+04
  2.02191688e-04  -3.95664139e+04
  2.04223748e-04  -3.91727215e+04
  2.06276231e-04  -3.87829464e+04
  2.08349341e-04  -3.83970496e+04
  2.10443287e-04  -3.80149926e+04
  2.12558277e-04  -3.76367371e+04
  2.14694523e-04  -3.72622453e+04
  2.16852239e-04  -3.68914798e+04
  2.19031641e-04  -3.65244034e+04
  2.21232945e-04  -3.61609795e+04
  2.23456373e-04  -3.58011718e+04
  2.25702147e-04  -3.54449442e+04
  2.27970491e-04  -3.50922611e+04
  2.30261633e-04  -3.47430872e+04
  2.32575801e-04  -3.43973877e+04
  2.34913226e-04  -3.40551280e+04
  2.37274144e-04  -3.37162738e+04
  2.39658788e-04  -3.33807913e+04
  2.42067399e-04  -3.30486469e+04
  2.44500217e-04  -3.27198073e+04
  2.46957485e-04  -3.23942398e+04
  2.49439449e-04  -3.20719118e+04
  2.51946357e-04  -3.17527909e+04
  2.54478460e-04  -3.14368454e+04
  2.57036011e-04  -3.11240435e+04
  2.59619266e-04  -3.08143541e+04
  2.62228483e-04  -3.05077462e+04
  2.64863923e-04  -3.02041890e+04
  2.67525850e-04  -2.99036523e+04
  2.70214529e-04  -2.96061060e+04
  2.72930231e-04  -2.93115203e+04
  2.75673225e-04  -2.90198658e+04
  2.78443787e-04  -2.87311133e+04
  2.81242194e-04  -2.84452340e+04
  2.84068725e-04  -2.81621992e+04
  2.86923663e-04  -2.78819806e+04
  2.89807293e-04  -2.76045503e+04
  2.92719905e-04  -2.73298804e+04
  2.95661789e-04  -2.70579435e+04
  2.98633240e-04  -2.67887125e+04
  3.01634553e-04  -2.65221604e+04
  3.04666031e-04  -2.62582605e+04
  3.07727976e-04  -2.59969864e+04
  3.10820693e-04  -2.57383121e+04
  3.13944493e-04  -2.54822116e+04
  3.17099688e-04  -2.52286593e+04
  3.20286593e-04  -2.49776300e+04
  3.23505526e-04  -2.47290984e+04
  3.26756811e-04  -2.44830398e+04
  3.30040772e-04  -2.42394295e+04
  3.33357736e-04  -2.39982431e+04
  3.36708037e-04  -2.37594566e+04
  3.40092009e-04  -2.35230461e+04
  3.43509991e-04  -2.32889878e+04
  3.46962324e-04  -2.30572585e+04
  3.50449353e-04  -2.28278350e+04
  3.53971428e-04  -2.26006942e+04
  3.57528900e-04  -2.23758136e+04
  3.61122125e-04  -2.21531705e+04
  3.64751462e-04  -2.19327428e+04
  3.68417276e-04  -2.17145083e+04
  3.72119931e-04  -2.14984454e+04
  3.75859798e-04  -2.12845323e+04
  3.79637252e-04  -2.10727476e+04
  3.83452670e-04  -2.08630703e+04
  3.87306433e-04  -2.06554793e+04
  3.91198928e-04  -2.04499538e+04
  3.95130542e-04  -2.02464734e+04
  3.99101670e-04  -2.00450176e+04
  4.03112709e-04  -1.98455663e+04
  4.07164059e-04  -1.96480997e+04
  4.11256126e-04  -1.94525978e+04
  4.15389318e-04  -1.92590412e+04
  4.19564050e-04  -1.90674106e+04
  4.23780739e-04  -1.88776866e+04
  4.28039806e-04  -1.86898505e+04
  4.32341678e-04  -1.85038834e+04
  4.36686784e-04  -1.83197667e+04
  4.41075559e-04  -1.81374820e+04
  4.45508442e-04  -1.79570110e+04
  4.49985877e-04  -1.77783358e+04
  4.54508310e-04  -1.76014384e+04
  4.59076194e-04  -1.74263011e+04
  4.63689987e-04  -1.72529065e+04
  4.68350149e-04  -1.70812372e+04
  4.73057146e-04  -1.69112761e+04
  4.77811449e-04  -1.67430061e+04
  4.82613534e-04  -1.65764104e+04
  4.87463881e-04  -1.64114724e+04
  4.92362974e-04  -1.62481755e+04
  4.97311304e-04  -1.60865034e+04
  5.02309366e-04  -1.59264400e+04
  5.07357659e-04  -1.57679693e+04
  5.12456688e-04  -1.56110754e+04
  5.17606964e-04  -1.54557426e+04
  5.22809000e-04  -1.53019554e+04
  5.28063318e-04  -1.51496984e+04
  5.33370443e-04  -1.49989564e+04
  5.38730905e-04  -1.48497143e+04
  5.44145240e-04  -1.47019571e+04
  5.49613991e-04  -1.45556702e+04
  5.55137703e-04  -1.44108389e+04
  5.60716930e-04  -1.42674486e+04
  5.66352229e-04  -1.41254852e+04
  5.72044163e-04  -1.39849342e+04
  5.77793303e-04  -1.38457818e+04
  5.83600222e-04  -1.37080140e+04
  5.89465502e-04  -1.35716170e+04
  5.95389728e-04  -1.34365771e+04
  6.01373495e-04  -1.33028809e+04
  6.07417399e-04  -1.31705151e+04
  6.13522045e-04  -1.30394662e+04
  6.19688044e-04  -1.29097214e+04
  6.25916013e-04  -1.27812675e+04
  6.32206573e-04  -1.26540918e+04
  6.38560355e-04  -1.25281815e+04
  6.44977993e-04  -1.24035240e+04
  6.51460130e-04  -1.22801068e+04
  6.58007413e-04  -1.21579177e+04
  6.64620497e-04  -1.20369444e+04
  6.71300044e-04  -1.19171748e+04
  6.78046722e-04  -1.17985970e+04
  6.84861205e-04  -1.16811990e+04
  6.91744174e-04  -1.15649691e+04
  6.98696319e-04  -1.14498957e+04
  7.05718334e-04  -1.13359674e+04
  7.12810921e-04  -1.12231726e+04
  7.19974790e-04  -1.11115002e+04
  7.27210656e-04  -1.10009389e+04
  7.34519245e-04  -1.08914777e+04
  7.41901286e-04  -1.07831057e+04
  7.49357518e-04  -1.06758120e+04
  7.56888686e-04  -1.05695859e+04
  7.64495544e-04  -1.04644168e+04
  7.72178852e-04  -1.03602941e+04
  7.79939379e-04  -1.02572074e+04
  7.87777900e-04  -1.01551465e+04
  7.95695199e-04  -1.00541011e+04
  8.03692069e-04  -9.95406115e+03
  8.11769308e-04  -9.85501659e+03
  8.19927726e-04  -9.75695753e+03
  8.28168136e-04  -9.65987419e+03
  8.36491364e-04  -9.56375683e+03
  8.44898242e-04  -9.46859586e+03
  8.53389611e-04  -9.37438176e+03
  8.61966319e-04  -9.28110510e+03
  8.70629225e-04  -9.18875656e+03
  8.79379194e-04  -9.09732691e+03
  8.88217102e-04  -9.00680699e+03
  8.97143832e-04  -8.91718776e+03
  9.06160277e-04  -8.82846026e+03
  9.15267339e-04  -8.74061562e+03
  9.24465929e-04  -8.65364504e+03
  9.33756966e-04  -8.56753983e+03
  9.43141380e-04  -8.48229139e+03
  9.52620108e-04  -8.39789118e+03
  9.62194099e-04  -8.31433076e+03
  9.71864311e-04  -8.23160179e+03
  9.81631710e-04  -8.14969598e+03
  9.91497272e-04  -8.06860515e+03
  1.00146199e-03  -7.98832119e+03
  1.01152685e-03  -7.90883607e+03
  1.02169286e-03  -7.83014183e+03
  1.03196104e-03  -7.75223062e+03
  1.04233242e-03  -7.67509464e+03
  1.05280804e-03  -7.59872617e+03
  1.06338894e-03  -7.52311758e+03
  1.07407617e-03  -7.44826131e+03
  1.08487082e-03  -7.37414987e+03
  1.09577395e-03  -7.30077585e+03
  1.10678666e-03  -7.22813192e+03
  1.11791005e-03  -7.15621081e+03
  1.12914524e-03  -7.08500532e+03
  1.14049333e-03  -7.01450834e+03
  1.15195548e-03  -6.94471281e+03
  1.16353283e-03  -6.87561177e+03
  1.17522653e-03  -6.80719829e+03
  1.18703775e-03  -6.73946553e+03
  1.19896768e-03  -6.67240673e+03
  1.21101750e-03  -6.60601517e+03
  1.22318843e-03  -6.54028422e+03
  1.23548168e-03  -6.47520731e+03
  1.24789848e-03  -6.41077792e+03
  1.26044006e-03  -6.34698961e+03
  1.27310770e-03  -6.28383601e+03
  1.28590264e-03  -6.22131080e+03
  1.29882618e-03  -6.15940772e+03
  1.31187960e-03  -6.09812059e+03
  1.32506421e-03  -6.03744328e+03
  1.33838133e-03  -5.97736971e+03
  1.35183228e-03  -5.91789389e+03
  1.36541842e-03  -5.85900986e+03
  1.37914111e-03  -5.80071174e+03
  1.39300170e-03  -5.74299369e+03
  1.40700160e-03  -5.68584995e+03
  1.42114220e-03  -5.62927480e+03
  1.43542492e-03  -5.57326258e+03
  1.44985118e-03  -5.51780769e+03
  1.46442243e-03  -5.46290459e+03
  1.47914012e-03  -5.40854778e+03
  1.49400572e-03  -5.35473183e+03
  1.50902073e-03  -5.30145136e+03
  1.52418664e-03  -5.24870103e+03
  1.53950497e-03  -5.19647559e+03
  1.55497725e-03  -5.14476979e+03
  1.57060504e-03  -5.09357847e+03
  1.58638988e-03  -5.04289652e+03
  1.60233336e-03  -4.99271886e+03
  1.61843708e-03  -4.94304048e+03
  1.63470264e-03  -4.89385641e+03
  1.65113168e-03  -4.84516172e+03
  1.66772583e-03  -4.79695156e+03
  1.68448675e-03  -4.74922109e+03
  1.70141612e-03  -4.70196555e+03
  1.71851564e-03  -4.65518021e+03
  1.73578701e-03  -4.60886040e+03
  1.75323196e-03  -4.56300147e+03
  1.77085223e-03  -4.51759885e+03
  1.78864959e-03  -4.47264799e+03
  1.80662582e-03  -4.42814439e+03
  1.82478271e-03  -4.38408362e+03
  1.84312208e-03  -4.34046126e+03
  1.86164577e-03  -4.29727295e+03
  1.88035562e-03  -4.25451437e+03
  1.89925351e-03  -4.21218124e+03
  1.91834132e-03  -4.17026934e+03
  1.93762097e-03  -4.12877447e+03
  1.95709439e-03  -4.08769248e+03
  1.97676351e-03  -4.04701926e+03
  1.99663032e-03  -4.00675074e+03
  2.01669678e-03  -3.96688290e+03
  2.03696492e-03  -3.92741176e+03
  2.05743676e-03  -3.88833336e+03
  2.07811435e-03  -3.84964380e+03
  2.09899974e-03  -3.81133920e+03
  2.12009504e-03  -3.77341574e+03
  2.14140235e-03  -3.73586963e+03
  2.16292380e-03  -3.69869710e+03
  2.18466155e-03  -3.66189445e+03
  2.20661776e-03  -3.62545800e+03
  2.22879464e-03  -3.58938409e+03
  2.25119440e-03  -3.55366912e+03
  2.27381928e-03  -3.51830952e+03
  2.29667154e-03  -3.48330175e+03
  2.31975347e-03  -3.44864232e+03
  2.34306738e-03  -3.41432776e+03
  2.36661560e-03  -3.38035463e+03
  2.39040048e-03  -3.34671954e+03
  2.41442441e-03  -3.31341912e+03
  2.43868978e-03  -3.28045005e+03
  2.46319902e-03  -3.24780903e+03
  2.48795458e-03  -3.21549279e+03
  2.51295894e-03  -3.18349810e+03
  2.53821459e-03  -3.15182177e+03
  2.56372407e-03  -3.12046061e+03
  2.58948993e-03  -3.08941151e+03
  2.61551474e-03  -3.05867135e+03
  2.64180110e-03  -3.02823707e+03
  2.66835164e-03  -2.99810560e+03
  2.69516902e-03  -2.96827395e+03
  2.72225592e-03  -2.93873914e+03
  2.74961504e-03  -2.90949819e+03
  2.77724913e-03  -2.88054820e+03
  2.80516095e-03  -2.85188627e+03
  2.83335329e-03  -2.82350953e+03
  2.86182896e-03  -2.79541514e+03
  2.89059082e-03  -2.76760029e+03
  2.91964174e-03  -2.74006221e+03
  2.94898463e-03  -2.71279813e+03
  2.97862242e-03  -2.68580534e+03
  3.00855807e-03  -2.65908113e+03
  3.03879458e-03  -2.63262283e+03
  3.06933498e-03  -2.60642780e+03
  3.10018231e-03  -2.58049341e+03
  3.13133966e-03  -2.55481707e+03
  3.16281014e-03  -2.52939621e+03
  3.19459691e-03  -2.50422830e+03
  3.22670315e-03  -2.47931081e+03
  3.25913205e-03  -2.45464126e+03
  3.29188687e-03  -2.43021717e+03
  3.32497089e-03  -2.40603611e+03
  3.35838740e-03  -2.38209565e+03
  3.39213975e-03  -2.35839340e+03
  3.42623132e-03  -2.33492699e+03
  3.46066552e-03  -2.31169408e+03
  3.49544579e-03  -2.28869234e+03
  3.53057560e-03  -2.26591947e+03
  3.56605848e-03  -2.24337320e+03
  3.60189796e-03  -2.22105126e+03
  3.63809764e-03  -2.19895143e+03
  3.67466113e-03  -2.17707150e+03
  3.71159208e-03  -2.15540927e+03
  3.74889421e-03  -2.13396259e+03
  3.78657122e-03  -2.11272931e+03
  3.82462689e-03  -2.09170730e+03
  3.86306503e-03  -2.07089447e+03
  3.90188948e-03  -2.05028872e+03
  3.94110412e-03  -2.02988801e+03
  3.98071288e-03  -2.00969029e+03
  4.02071971e-03  -1.98969353e+03
  4.06112861e-03  -1.96989575e+03
  4.10194363e-03  -1.95029496e+03
  4.14316885e-03  -1.93088920e+03
  4.18480839e-03  -1.91167653e+03
  4.22686641e-03  -1.89265504e+03
  4.26934713e-03  -1.87382280e+03
  4.31225478e-03  -1.85517795e+03
  4.35559366e-03  -1.83671863e+03
  4.39936810e-03  -1.81844297e+03
  4.44358249e-03  -1.80034916e+03
  4.48824123e-03  -1.78243539e+03
  4.53334881e-03  -1.76469986e+03
  4.57890972e-03  -1.74714080e+03
  4.62492853e-03  -1.72975646e+03
  4.67140983e-03  -1.71254510e+03
  4.71835828e-03  -1.69550499e+03
  4.76577857e-03  -1.67863443e+03
  4.81367544e-03  -1.66193174e+03
  4.86205369e-03  -1.64539524e+03
  4.91091814e-03  -1.62902329e+03
  4.96027369e-03  -1.61281423e+03
  5.01012527e-03  -1.59676646e+03
  5.06047786e-03  -1.58087837e+03
  5.11133651e-03  -1.56514837e+03
  5.16270630e-03  -1.54957488e+03
  5.21459236e-03  -1.53415635e+03
  5.26699988e-03  -1.51889124e+03
  5.31993411e-03  -1.50377802e+03
  5.37340034e-03  -1.48881518e+03
  5.42740391e-03  -1.47400122e+03
  5.48195022e-03  -1.45933467e+03
  5.53704474e-03  -1.44481404e+03
  5.59269296e-03  -1.43043790e+03
  5.64890046e-03  -1.41620481e+03
  5.70567286e-03  -1.40211334e+03
  5.76301582e-03  -1.38816207e+03
  5.82093509e-03  -1.37434963e+03
  5.87943646e-03  -1.36067462e+03
  5.93852578e-03  -1.34713569e+03
  5.99820896e-03  -1.33373146e+03
  6.05849196e-03  -1.32046061e+03
  6.11938082e-03  -1.30732181e+03
  6.18088162e-03  -1.29431374e+03
  6.24300051e-03  -1.28143510e+03
  6.30574371e-03  -1.26868461e+03
  6.36911749e-03  -1.25606099e+03
  6.43312818e-03  -1.24356297e+03
  6.49778219e-03  -1.23118931e+03
  6.56308599e-03  -1.21893878e+03
  6.62904610e-03  -1.20681013e+03
  6.69566912e-03  -1.19480217e+03
  6.76296172e-03  -1.18291369e+03
  6.83093061e-03  -1.17114350e+03
  6.89958261e-03  -1.15949043e+03
  6.96892456e-03  -1.14795331e+03
  7.03896342e-03  -1.13653098e+03
  7.10970618e-03  -1.12522231e+03
  7.18115991e-03  -1.11402616e+03
  7.25333177e-03  -1.10294141e+03
  7.32622897e-03  -1.09196696e+03
  7.39985879e-03  -1.08110171e+03
  7.47422861e-03  -1.07034457e+03
  7.54934586e-03  -1.05969446e+03
  7.62521804e-03  -1.04915033e+03
  7.70185276e-03  -1.03871111e+03
  7.77925767e-03  -1.02837576e+03
  7.85744050e-03  -1.01814325e+03
  7.93640909e-03  -1.00801255e+03
  8.01617133e-03  -9.97982661e+02
  8.09673519e-03  -9.88052568e+02
  8.17810873e-03  -9.78221281e+02
  8.26030009e-03  -9.68487816e+02
  8.34331749e-03  -9.58851202e+02
  8.42716922e-03  -9.49310473e+02
  8.51186368e-03  -9.39864676e+02
  8.59740934e-03  -9.30512866e+02
  8.68381474e-03  -9.21254108e+02
  8.77108853e-03  -9.12087477e+02
  8.85923943e-03  -9.03012055e+02
  8.94827627e-03  -8.94026935e+02
  9.03820794e-03  -8.85131218e+02
  9.12904344e-03  -8.76324015e+02
  9.22079185e-03  -8.67604445e+02
  9.31346235e-03  -8.58971637e+02
  9.40706420e-03  -8.50424726e+02
  9.50160677e-03  -8.41962859e+02
  9.59709950e-03  -8.33585189e+02
  9.69355196e-03  -8.25290877e+02
  9.79097377e-03  -8.17079096e+02
  9.88937470e-03  -8.08949023e+02
  9.98876457e-03  -8.00899846e+02
  1.00891533e-02  -7.92930759e+02
  1.01905510e-02  -7.85040966e+02
  1.02929677e-02  -7.77229678e+02
  1.03964138e-02  -7.69496114e+02
  1.05008995e-02  -7.61839499e+02
  1.06064353e-02  -7.54259070e+02
  1.07130317e-02  -7.46754067e+02
  1.08206995e-02  -7.39323739e+02
  1.09294493e-02  -7.31967345e+02
  1.10392921e-02  -7.24684149e+02
  1.11502388e-02  -7.17473421e+02
  1.12623006e-02  -7.10334441e+02
  1.13754886e-02  -7.03266495e+02
  1.14898142e-02  -6.96268877e+02
  1.16052887e-02  -6.89340886e+02
  1.17219238e-02  -6.82481829e+02
  1.18397311e-02  -6.75691022e+02
  1.19587224e-02  -6.68967784e+02
  1.20789095e-02  -6.62311443e+02
  1.22003046e-02  -6.55721334e+02
  1.23229197e-02  -6.49196798e+02
  1.24467671e-02  -6.42737182e+02
  1.25718592e-02  -6.36341840e+02
  1.26982085e-02  -6.30010133e+02
  1.28258276e-02  -6.23741427e+02
  1.29547293e-02  -6.17535096e+02
  1.30849265e-02  -6.11390519e+02
  1.32164322e-02  -6.05307082e+02
  1.33492595e-02  -5.99284176e+02
  1.34834218e-02  -5.93321199e+02
  1.36189325e-02  -5.87417554e+02
  1.37558050e-02  -5.81572652e+02
  1.38940532e-02  -5.75785907e+02
  1.40336907e-02  -5.70056742e+02
  1.41747316e-02  -5.64384582e+02
  1.43171901e-02  -5.58768862e+02
  1.44610802e-02  -5.53209019e+02
  1.46064165e-02  -5.47704497e+02
  1.47532134e-02  -5.42254746e+02
  1.49014857e-02  -5.36859222e+02
  1.50512481e-02  -5.31517383e+02
  1.52025157e-02  -5.26228697e+02
  1.53553035e-02  -5.20992634e+02
  1.55096268e-02  -5.15808670e+02
  1.56655012e-02  -5.10676288e+02
  1.58229421e-02  -5.05594974e+02
  1.59819653e-02  -5.00564220e+02
  1.61425867e-02  -4.95583523e+02
  1.63048224e-02  -4.90652385e+02
  1.64686886e-02  -4.85770312e+02
  1.66342017e-02  -4.80936816e+02
  1.68013782e-02  -4.76151415e+02
  1.69702348e-02  -4.71413629e+02
  1.71407885e-02  -4.66722985e+02
  1.73130563e-02  -4.62079014e+02
  1.74870554e-02  -4.57481251e+02
  1.76628033e-02  -4.52929237e+02
  1.78403174e-02  -4.48422515e+02
  1.80196156e-02  -4.43960637e+02
  1.82007157e-02  -4.39543155e+02
  1.83836359e-02  -4.35169627e+02
  1.85683946e-02  -4.30839617e+02
  1.87550100e-02  -4.26552691e+02
  1.89435010e-02  -4.22308421e+02
  1.91338864e-02  -4.18106382e+02
  1.93261851e-02  -4.13946154e+02
  1.95204165e-02  -4.09827321e+02
  1.97165999e-02  -4.05749471e+02
  1.99147551e-02  -4.01712196e+02
  2.01149017e-02  -3.97715093e+02
  2.03170598e-02  -3.93757762e+02
  2.05212497e-02  -3.89839807e+02
  2.07274916e-02  -3.85960836e+02
  2.09358064e-02  -3.82120461e+02
  2.11462148e-02  -3.78318299e+02
  2.13587377e-02  -3.74553969e+02
  2.15733966e-02  -3.70827095e+02
  2.17902129e-02  -3.67137304e+02
  2.20092081e-02  -3.63484227e+02
  2.22304044e-02  -3.59867498e+02
  2.24538236e-02  -3.56286757e+02
  2.26794883e-02  -3.52741644e+02
  2.29074210e-02  -3.49231806e+02
  2.31376444e-02  -3.45756892e+02
  2.33701816e-02  -3.42316553e+02
  2.36050558e-02  -3.38910446e+02
  2.38422906e-02  -3.35538231e+02
  2.40819096e-02  -3.32199570e+02
  2.43239368e-02  -3.28894129e+02
  2.45683964e-02  -3.25621578e+02
  2.48153129e-02  -3.22381589e+02
  2.50647109e-02  -3.19173839e+02
  2.53166155e-02  -3.15998006e+02
  2.55710517e-02  -3.12853773e+02
  2.58280450e-02  -3.09740826e+02
  2.60876212e-02  -3.06658853e+02
  2.63498061e-02  -3.03607547e+02
  2.66146261e-02  -3.00586601e+02
  2.68821075e-02  -2.97595715e+02
  2.71522772e-02  -2.94634588e+02
  2.74251621e-02  -2.91702925e+02
  2.77007896e-02  -2.88800432e+02
  2.79791872e-02  -2.85926820e+02
  2.82603827e-02  -2.83081800e+02
  2.85444042e-02  -2.80265089e+02
  2.88312803e-02  -2.77476405e+02
  2.91210394e-02  -2.74715469e+02
  2.94137108e-02  -2.71982004e+02
  2.97093235e-02  -2.69275738e+02
  3.00079071e-02  -2.66596400e+02
  3.03094916e-02  -2.63943721e+02
  3.06141071e-02  -2.61317437e+02
  3.09217840e-02  -2.58717285e+02
  3.12325530e-02  -2.56143005e+02
  3.15464454e-02  -2.53594340e+02
  3.18634925e-02  -2.51071034e+02
  3.21837259e-02  -2.48572835e+02
  3.25071777e-02  -2.46099494e+02
  3.28338803e-02  -2.43650763e+02
  3.31638663e-02  -2.41226398e+02
  3.34971687e-02  -2.38826155e+02
  3.38338208e-02  -2.36449795e+02
  3.41738564e-02  -2.34097080e+02
  3.45173093e-02  -2.31767776e+02
  3.48642141e-02  -2.29461648e+02
  3.52146052e-02  -2.27178466e+02
  3.55685179e-02  -2.24918003e+02
  3.59259874e-02  -2.22680031e+02
  3.62870496e-02  -2.20464328e+02
  3.66517405e-02  -2.18270671e+02
  3.70200966e-02  -2.16098842e+02
  3.73921548e-02  -2.13948622e+02
  3.77679522e-02  -2.11819798e+02
  3.81475264e-02  -2.09712156e+02
  3.85309155e-02  -2.07625485e+02
  3.89181576e-02  -2.05559577e+02
  3.93092916e-02  -2.03514225e+02
  3.97043565e-02  -2.01489224e+02
  4.01033919e-02  -1.99484373e+02
  4.05064377e-02  -1.97499470e+02
  4.09135342e-02  -1.95534318e+02
  4.13247221e-02  -1.93588719e+02
  4.17400424e-02  -1.91662479e+02
  4.21595368e-02  -1.89755405e+02
  4.25832472e-02  -1.87867308e+02
  4.30112160e-02  -1.85997997e+02
  4.34434859e-02  -1.84147286e+02
  4.38801002e-02  -1.82314990e+02
  4.43211025e-02  -1.80500925e+02
  4.47665370e-02  -1.78704911e+02
  4.52164482e-02  -1.76926767e+02
  4.56708810e-02  -1.75166317e+02
  4.61298810e-02  -1.73423383e+02
  4.65934940e-02  -1.71697791e+02
  4.70617664e-02  -1.69989370e+02
  4.75347450e-02  -1.68297947e+02
  4.80124772e-02  -1.66623354e+02
  4.84950106e-02  -1.64965424e+02
  4.89823935e-02  -1.63323991e+02
  4.94746748e-02  -1.61698890e+02
  4.99719035e-02  -1.60089959e+02
  5.04741295e-02  -1.58497038e+02
  5.09814029e-02  -1.56919966e+02
  5.14937746e-02  -1.55358586e+02
  5.20112956e-02  -1.53812742e+02
  5.25340178e-02  -1.52282280e+02
  5.30619935e-02  -1.50767046e+02
  5.35952754e-02  -1.49266889e+02
  5.41339168e-02  -1.47781658e+02
  5.46779717e-02  -1.46311206e+02
  5.52274945e-02  -1.44855385e+02
  5.57825400e-02  -1.43414050e+02
  5.63431639e-02  -1.41987057e+02
  5.69094221e-02  -1.40574262e+02
  5.74813713e-02  -1.39175525e+02
  5.80590687e-02  -1.37790705e+02
  5.86425720e-02  -1.36419664e+02
  5.92319397e-02  -1.35062266e+02
  5.98272306e-02  -1.33718374e+02
  6.04285042e-02  -1.32387854e+02
  6.10358208e-02  -1.31070573e+02
  6.16492410e-02  -1.29766399e+02
  6.22688262e-02  -1.28475202e+02
  6.28946383e-02  -1.27196852e+02
  6.35267399e-02  -1.25931222e+02
  6.41651942e-02  -1.24678186e+02
  6.48100652e-02  -1.23437617e+02
  6.54614171e-02  -1.22209392e+02
  6.61193153e-02  -1.20993388e+02
  6.67838255e-02  -1.19789484e+02
  6.74550141e-02  -1.18597559e+02
  6.81329483e-02  -1.17417493e+02
  6.88176958e-02  -1.16249170e+02
  6.95093251e-02  -1.15092471e+02
  7.02079054e-02  -1.13947282e+02
  7.09135066e-02  -1.12813488e+02
  7.16261992e-02  -1.11690975e+02
  7.23460545e-02  -1.10579631e+02
  7.30731444e-02  -1.09479345e+02
  7.38075417e-02  -1.08390007e+02
  7.45493199e-02  -1.07311509e+02
  7.52985530e-02  -1.06243742e+02
  7.60553160e-02  -1.05186599e+02
  7.68196847e-02  -1.04139974e+02
  7.75917353e-02  -1.03103764e+02
  7.83715452e-02  -1.02077865e+02
  7.91591923e-02  -1.01062173e+02
  7.99547555e-02  -1.00056588e+02
  8.07583141e-02  -9.90610080e+01
  8.15699487e-02  -9.80753345e+01
  8.23897403e-02  -9.70994686e+01
  8.32177709e-02  -9.61333128e+01
  8.40541234e-02  -9.51767703e+01
  8.48988814e-02  -9.42297456e+01
  8.57521294e-02  -9.32921440e+01
  8.66139526e-02  -9.23638717e+01
  8.74844373e-02  -9.14448358e+01
  8.83636705e-02  -9.05349445e+01
  8.92517401e-02  -8.96341067e+01
  9.01487350e-02  -8.87422324e+01
  9.10547449e-02  -8.78592325e+01
  9.19698603e-02  -8.69850185e+01
  9.28941728e-02  -8.61195031e+01
  9.38277747e-02  -8.52625997e+01
  9.47707595e-02  -8.44142227e+01
  9.57232215e-02  -8.35742871e+01
  9.66852559e-02  -8.27427091e+01
  9.76569588e-02  -8.19194054e+01
  9.86384276e-02  -8.11042937e+01
  9.96297603e-02  -8.02972925e+01
  1.00631056e-01  -7.94983211e+01
  1.01642415e-01  -7.87072996e+01
  1.02663938e-01  -7.79241488e+01
  1.03695728e-01  -7.71487906e+01
  1.04737887e-01  -7.63811473e+01
  1.05790521e-01  -7.56211422e+01
  1.06853733e-01  -7.48686993e+01
  1.07927631e-01  -7.41237433e+01
  1.09012322e-01  -7.33861997e+01
  1.10107914e-01  -7.26559948e+01
  1.11214517e-01  -7.19330556e+01
  1.12332241e-01  -7.12173097e+01
  1.13461199e-01  -7.05086856e+01
  1.14601503e-01  -6.98071125e+01
  1.15753267e-01  -6.91125201e+01
  1.16916607e-01  -6.84248391e+01
  1.18091638e-01  -6.77440005e+01
  1.19278479e-01  -6.70699365e+01
  1.20477248e-01  -6.64025794e+01
  1.21688064e-01  -6.57418627e+01
  1.22911049e-01  -6.50877203e+01
  1.24146326e-01  -6.44400866e+01
  1.25394017e-01  -6.37988971e+01
  1.26654248e-01  -6.31640874e+01
  1.27927144e-01  -6.25355943e+01
  1.29212834e-01  -6.19133547e+01
  1.30511444e-01  -6.12973065e+01
  1.31823106e-01  -6.06873881e+01
  1.33147950e-01  -6.00835385e+01
  1.34486109e-01  -5.94856973e+01
  1.35837717e-01  -5.88938048e+01
  1.37202909e-01  -5.83078016e+01
  1.38581821e-01  -5.77276293e+01
  1.39974592e-01  -5.71532298e+01
  1.41381360e-01  -5.65845456e+01
  1.42802266e-01  -5.60215200e+01
  1.44237453e-01  -5.54640966e+01
  1.45687063e-01  -5.49122196e+01
  1.47151242e-01  -5.43658339e+01
  1.48630137e-01  -5.38248848e+01
  1.50123895e-01  -5.32893182e+01
  1.51632665e-01  -5.27590807e+01
  1.53156599e-01  -5.22341190e+01
  1.54695848e-01  -5.17143809e+01
  1.56250567e-01  -5.11998142e+01
  1.57820911e-01  -5.06903675e+01
  1.59407038e-01  -5.01859899e+01
  1.61009105e-01  -4.96866310e+01
  1.62627274e-01  -4.91922408e+01
  1.64261705e-01  -4.87027698e+01
  1.65912563e-01  -4.82181691e+01
  1.67580012e-01  -4.77383903e+01
  1.69264219e-01  -4.72633854e+01
  1.70965352e-01  -4.67931069e+01
  1.72683583e-01  -4.63275077e+01
  1.74419082e-01  -4.58665413e+01
  1.76172022e-01  -4.54101616e+01
  1.77942581e-01  -4.49583229e+01
  1.79730933e-01  -4.45109801e+01
  1.81537259e-01  -4.40680885e+01
  1.83361739e-01  -4.36296037e+01
  1.85204555e-01  -4.31954818e+01
  1.87065892e-01  -4.27656796e+01
  1.88945935e-01  -4.23401540e+01
  1.90844874e-01  -4.19188624e+01
  1.92762896e-01  -4.15017628e+01
  1.94700196e-01  -4.10888133e+01
  1.96656965e-01  -4.06799728e+01
  1.98633401e-01  -4.02752003e+01
  2.00629699e-01  -3.98744554e+01
  2.02646061e-01  -3.94776979e+01
  2.04682688e-01  -3.90848883e+01
  2.06739783e-01  -3.86959871e+01
  2.08817553e-01  -3.83109556e+01
  2.10916204e-01  -3.79297552e+01
  2.13035947e-01  -3.75523479e+01
  2.15176994e-01  -3.71786958e+01
  2.17339559e-01  -3.68087616e+01
  2.19523858e-01  -3.64425083e+01
  2.21730109e-01  -3.60798993e+01
  2.23958534e-01  -3.57208983e+01
  2.26209355e-01  -3.53654694e+01
  2.28482796e-01  -3.50135771e+01
  2.30779087e-01  -3.46651862e+01
  2.33098455e-01  -3.43202618e+01
  2.35441133e-01  -3.39787695e+01
  2.37807356e-01  -3.36406751e+01
  2.40197360e-01  -3.33059448e+01
  2.42611383e-01  -3.29745451e+01
  2.45049668e-01  -3.26464429e+01
  2.47512458e-01  -3.23216053e+01
  2.50000000e-01  -3.20000000e+01
  2.52512542e-01  -3.16815947e+01
  2.55050335e-01  -3.13663575e+01
  2.57613633e-01  -3.10542571e+01
  2.60202694e-01  -3.07452621e+01
  2.62817774e-01  -3.04393416e+01
  2.65459137e-01  -3.01364651e+01
  2.68127045e-01  -2.98366022e+01
  2.70821767e-01  -2.95397231e+01
  2.73543571e-01  -2.92457979e+01
  2.76292730e-01  -2.89547974e+01
  2.79069518e-01  -2.86666923e+01
  2.81874213e-01  -2.83814540e+01
  2.84707096e-01  -2.80990538e+01
  2.87568450e-01  -2.78194635e+01
  2.90458561e-01  -2.75426552e+01
  2.93377718e-01  -2.72686012e+01
  2.96326213e-01  -2.69972741e+01
  2.99304341e-01  -2.67286468e+01
  3.02312399e-01  -2.64626923e+01
  3.05350690e-01  -2.61993841e+01
  3.08419515e-01  -2.59386959e+01
  3.11519183e-01  -2.56806015e+01
  3.14650002e-01  -2.54250753e+01
  3.17812288e-01  -2.51720916e+01
  3.21006354e-01  -2.49216251e+01
  3.24232522e-01  -2.46736507e+01
  3.27491113e-01  -2.44281438e+01
  3.30782453e-01  -2.41850797e+01
  3.34106872e-01  -2.39444342e+01
  3.37464702e-01  -2.37061831e+01
  3.40856279e-01  -2.34703026e+01
  3.44281941e-01  -2.32367692e+01
  3.47742032e-01  -2.30055595e+01
  3.51236898e-01  -2.27766503e+01
  3.54766887e-01  -2.25500189e+01
  3.58332354e-01  -2.23256424e+01
  3.61933654e-01  -2.21034986e+01
  3.65571147e-01  -2.18835651e+01
  3.69245198e-01  -2.16658200e+01
  3.72956174e-01  -2.14502415e+01
  3.76704446e-01  -2.12368080e+01
  3.80490389e-01  -2.10254982e+01
  3.84314381e-01  -2.08162910e+01
  3.88176805e-01  -2.06091655e+01
  3.92078046e-01  -2.04041009e+01
  3.96018496e-01  -2.02010767e+01
  3.99998548e-01  -2.00000726e+01
  4.04018601e-01  -1.98010685e+01
  4.08079055e-01  -1.96040446e+01
  4.12180318e-01  -1.94089811e+01
  4.16322799e-01  -1.92158585e+01
  4.20506912e-01  -1.90246575e+01
  4.24733077e-01  -1.88353590e+01
  4.29001716e-01  -1.86479441e+01
  4.33313254e-01  -1.84623939e+01
  4.37668125e-01  -1.82786900e+01
  4.42066763e-01  -1.80968140e+01
  4.46509608e-01  -1.79167477e+01
  4.50997104e-01  -1.77384731e+01
  4.55529700e-01  -1.75619724e+01
  4.60107850e-01  -1.73872278e+01
  4.64732010e-01  -1.72142220e+01
  4.69402645e-01  -1.70429376e+01
  4.74120220e-01  -1.68733576e+01
  4.78885207e-01  -1.67054649e+01
  4.83698084e-01  -1.65392427e+01
  4.88559330e-01  -1.63746745e+01
  4.93469433e-01  -1.62117438e+01
  4.98428883e-01  -1.60504342e+01
  5.03438177e-01  -1.58907297e+01
  5.08497815e-01  -1.57326143e+01
  5.13608303e-01  -1.55760722e+01
  5.18770152e-01  -1.54210877e+01
  5.23983879e-01  -1.52676453e+01
  5.29250004e-01  -1.51157297e+01
  5.34569055e-01  -1.49653257e+01
  5.39941563e-01  -1.48164182e+01
  5.45368066e-01  -1.46689924e+01
  5.50849107e-01  -1.45230334e+01
  5.56385232e-01  -1.43785269e+01
  5.61976997e-01  -1.42354581e+01
  5.67624959e-01  -1.40938129e+01
  5.73329685e-01  -1.39535772e+01
  5.79091744e-01  -1.38147367e+01
  5.84911713e-01  -1.36772778e+01
  5.90790173e-01  -1.35411866e+01
  5.96727713e-01  -1.34064496e+01
  6.02724927e-01  -1.32730532e+01
  6.08782413e-01  -1.31409841e+01
  6.14900778e-01  -1.30102291e+01
  6.21080633e-01  -1.28807752e+01
  6.27322597e-01  -1.27526093e+01
  6.33627294e-01  -1.26257187e+01
  6.39995355e-01  -1.25000907e+01
  6.46427415e-01  -1.23757128e+01
  6.52924118e-01  -1.22525724e+01
  6.59486115e-01  -1.21306572e+01
  6.66114060e-01  -1.20099552e+01
  6.72808618e-01  -1.18904541e+01
  6.79570457e-01  -1.17721421e+01
  6.86400254e-01  -1.16550073e+01
  6.93298691e-01  -1.15390381e+01
  7.00266459e-01  -1.14242227e+01
  7.07304254e-01  -1.13105498e+01
  7.14412780e-01  -1.11980080e+01
  7.21592747e-01  -1.10865859e+01
  7.28844875e-01  -1.09762726e+01
  7.36169888e-01  -1.08670568e+01
  7.43568518e-01  -1.07589278e+01
  7.51041506e-01  -1.06518747e+01
  7.58589599e-01  -1.05458868e+01
  7.66213551e-01  -1.04409534e+01
  7.73914125e-01  -1.03370642e+01
  7.81692091e-01  -1.02342087e+01
  7.89548227e-01  -1.01323766e+01
  7.97483319e-01  -1.00315578e+01
  8.05498160e-01  -9.93174212e+00
  8.13593551e-01  -9.83291964e+00
  8.21770302e-01  -9.73508045e+00
  8.30029231e-01  -9.63821478e+00
  8.38371163e-01  -9.54231294e+00
  8.46796933e-01  -9.44736534e+00
  8.55307384e-01  -9.35336249e+00
  8.63903366e-01  -9.26029497e+00
  8.72585739e-01  -9.16815350e+00
  8.81355372e-01  -9.07692885e+00
  8.90213141e-01  -8.98661190e+00
  8.99159931e-01  -8.89719361e+00
  9.08196639e-01  -8.80866506e+00
  9.17324167e-01  -8.72101738e+00
  9.26543428e-01  -8.63424180e+00
  9.35855344e-01  -8.54832966e+00
  9.45260847e-01  -8.46327236e+00
  9.54760876e-01  -8.37906139e+00
  9.64356383e-01  -8.29568834e+00
  9.74048325e-01  -8.21314486e+00
  9.83837674e-01  -8.13142271e+00
  9.93725407e-01  -8.05051370e+00
  1.00371251e+00  -7.97040975e+00
  1.01379999e+00  -7.89110285e+00
  1.02398885e+00  -7.81258506e+00
  1.03428011e+00  -7.73484854e+00
  1.04467480e+00  -7.65788551e+00
  1.05517395e+00  -7.58168828e+00
  1.06577863e+00  -7.50624922e+00
  1.07648988e+00  -7.43156079e+00
  1.08730879e+00  -7.35761553e+00
  1.09823642e+00  -7.28440603e+00
  1.10927388e+00  -7.21192498e+00
  1.12042227e+00  -7.14016512e+00
  1.13168270e+00  -7.06911929e+00
  1.14305630e+00  -6.99878038e+00
  1.15454421e+00  -6.92914135e+00
  1.16614757e+00  -6.86019525e+00
  1.17786755e+00  -6.79193516e+00
  1.18970531e+00  -6.72435428e+00
  1.20166205e+00  -6.65744584e+00
  1.21373895e+00  -6.59120314e+00
  1.22593723e+00  -6.52561958e+00
  1.23825811e+00  -6.46068858e+00
  1.25070281e+00  -6.39640365e+00
  1.26327258e+00  -6.33275837e+00
  1.27596868e+00  -6.26974637e+00
  1.28879238e+00  -6.20736135e+00
  1.30174496e+00  -6.14559708e+00
  1.31482771e+00  -6.08444736e+00
  1.32804195e+00  -6.02390610e+00
  1.34138899e+00  -5.96396723e+00
  1.35487018e+00  -5.90462477e+00
  1.36848685e+00  -5.84587277e+00
  1.38224037e+00  -5.78770536e+00
  1.39613212e+00  -5.73011673e+00
  1.41016348e+00  -5.67310112e+00
  1.42433586e+00  -5.61665282e+00
  1.43865067e+00  -5.56076619e+00
  1.45310935e+00  -5.50543564e+00
  1.46771334e+00  -5.45065564e+00
  1.48246410e+00  -5.39642071e+00
  1.49736312e+00  -5.34272543e+00
  1.51241187e+00  -5.28956442e+00
  1.52761186e+00  -5.23693238e+00
  1.54296461e+00  -5.18482403e+00
  1.55847166e+00  -5.13323417e+00
  1.57413457e+00  -5.08215764e+00
  1.58995488e+00  -5.03158932e+00
  1.60593419e+00  -4.98152417e+00
  1.62207410e+00  -4.93195718e+00
  1.63837622e+00  -4.88288338e+00
  1.65484217e+00  -4.83429788e+00
  1.67147361e+00  -4.78619582e+00
  1.68827220e+00  -4.73857237e+00
  1.70523962e+00  -4.69142279e+00
  1.72237756e+00  -4.64474235e+00
  1.73968774e+00  -4.59852639e+00
  1.75717190e+00  -4.55277029e+00
  1.77483177e+00  -4.50746947e+00
  1.79266912e+00  -4.46261940e+00
  1.81068575e+00  -4.41821559e+00
  1.82888344e+00  -4.37425361e+00
  1.84726402e+00  -4.33072906e+00
  1.86582934e+00  -4.28763759e+00
  1.88458123e+00  -4.24497488e+00
  1.90352159e+00  -4.20273668e+00
  1.92265230e+00  -4.16091875e+00
  1.94197528e+00  -4.11951691e+00
  1.96149245e+00  -4.07852704e+00
  1.98120578e+00  -4.03794501e+00
  2.00111723e+00  -3.99776679e+00
  2.02122879e+00  -3.95798835e+00
  2.04154248e+00  -3.91860570e+00
  2.06206032e+00  -3.87961493e+00
  2.08278437e+00  -3.84101211e+00
  2.10371670e+00  -3.80279340e+00
  2.12485941e+00  -3.76495498e+00
  2.14621460e+00  -3.72749305e+00
  2.16778441e+00  -3.69040387e+00
  2.18957101e+00  -3.65368374e+00
  2.21157656e+00  -3.61732898e+00
  2.23380328e+00  -3.58133596e+00
  2.25625337e+00  -3.54570107e+00
  2.27892910e+00  -3.51042075e+00
  2.30183272e+00  -3.47549148e+00
  2.32496652e+00  -3.44090976e+00
  2.34833282e+00  -3.40667214e+00
  2.37193396e+00  -3.37277519e+00
  2.39577229e+00  -3.33921551e+00
  2.41985020e+00  -3.30598976e+00
  2.44417010e+00  -3.27309461e+00
  2.46873442e+00  -3.24052678e+00
  2.49354561e+00  -3.20828300e+00
  2.51860616e+00  -3.17636005e+00
  2.54391858e+00  -3.14475474e+00
  2.56948538e+00  -3.11346391e+00
  2.59530914e+00  -3.08248442e+00
  2.62139243e+00  -3.05181319e+00
  2.64773786e+00  -3.02144714e+00
  2.67434807e+00  -2.99138324e+00
  2.70122572e+00  -2.96161848e+00
  2.72837349e+00  -2.93214988e+00
  2.75579410e+00  -2.90297451e+00
  2.78349029e+00  -2.87408943e+00
  2.81146483e+00  -2.84549176e+00
  2.83972052e+00  -2.81717864e+00
  2.86826019e+00  -2.78914725e+00
  2.89708668e+00  -2.76139477e+00
  2.92620288e+00  -2.73391843e+00
  2.95561171e+00  -2.70671549e+00
  2.98531610e+00  -2.67978322e+00
  3.01531903e+00  -2.65311893e+00
  3.04562349e+00  -2.62671996e+00
  3.07623252e+00  -2.60058366e+00
  3.10714917e+00  -2.57470742e+00
  3.13837653e+00  -2.54908865e+00
  3.16991774e+00  -2.52372479e+00
  3.20177595e+00  -2.49861331e+00
  3.23395433e+00  -2.47375169e+00
  3.26645611e+00  -2.44913745e+00
  3.29928454e+00  -2.42476813e+00
  3.33244290e+00  -2.40064128e+00
  3.36593451e+00  -2.37675450e+00
  3.39976271e+00  -2.35310540e+00
  3.43393090e+00  -2.32969161e+00
  3.46844248e+00  -2.30651079e+00
  3.50330090e+00  -2.28356063e+00
  3.53850966e+00  -2.26083882e+00
  3.57407227e+00  -2.23834310e+00
  3.60999230e+00  -2.21607121e+00
  3.64627332e+00  -2.19402093e+00
  3.68291898e+00  -2.17219006e+00
  3.71993293e+00  -2.15057641e+00
  3.75731888e+00  -2.12917781e+00
  3.79508056e+00  -2.10799214e+00
  3.83322175e+00  -2.08701727e+00
  3.87174627e+00  -2.06625110e+00
  3.91065797e+00  -2.04569156e+00
  3.94996074e+00  -2.02533659e+00
  3.98965850e+00  -2.00518415e+00
  4.02975524e+00  -1.98523224e+00
  4.07025495e+00  -1.96547885e+00
  4.11116169e+00  -1.94592200e+00
  4.15247955e+00  -1.92655976e+00
  4.19421267e+00  -1.90739017e+00
  4.23636521e+00  -1.88841132e+00
  4.27894138e+00  -1.86962131e+00
  4.32194546e+00  -1.85101827e+00
  4.36538173e+00  -1.83260033e+00
  4.40925455e+00  -1.81436565e+00
  4.45356829e+00  -1.79631241e+00
  4.49832740e+00  -1.77843880e+00
  4.54353634e+00  -1.76074304e+00
  4.58919964e+00  -1.74322336e+00
  4.63532186e+00  -1.72587799e+00
  4.68190762e+00  -1.70870522e+00
  4.72896158e+00  -1.69170332e+00
  4.77648843e+00  -1.67487059e+00
  4.82449294e+00  -1.65820535e+00
  4.87297990e+00  -1.64170593e+00
  4.92195416e+00  -1.62537068e+00
  4.97142062e+00  -1.60919798e+00
  5.02138423e+00  -1.59318619e+00
  5.07184998e+00  -1.57733372e+00
  5.12282292e+00  -1.56163899e+00
  5.17430815e+00  -1.54610042e+00
  5.22631081e+00  -1.53071646e+00
  5.27883611e+00  -1.51548558e+00
  5.33188929e+00  -1.50040625e+00
  5.38547567e+00  -1.48547696e+00
  5.43960060e+00  -1.47069621e+00
  5.49426949e+00  -1.45606254e+00
  5.54948782e+00  -1.44157448e+00
  5.60526110e+00  -1.42723057e+00
  5.66159491e+00  -1.41302939e+00
  5.71849489e+00  -1.39896951e+00
  5.77596671e+00  -1.38504953e+00
  5.83401615e+00  -1.37126806e+00
  5.89264898e+00  -1.35762371e+00
  5.95187109e+00  -1.34411513e+00
  6.01168839e+00  -1.33074096e+00
  6.07210686e+00  -1.31749987e+00
  6.13313255e+00  -1.30439053e+00
  6.19477156e+00  -1.29141162e+00
  6.25703005e+00  -1.27856186e+00
  6.31991424e+00  -1.26583996e+00
  6.38343044e+00  -1.25324464e+00
  6.44758498e+00  -1.24077465e+00
  6.51238429e+00  -1.22842874e+00
  6.57783484e+00  -1.21620567e+00
  6.64394317e+00  -1.20410422e+00
  6.71071591e+00  -1.19212318e+00
  6.77815973e+00  -1.18026136e+00
  6.84628137e+00  -1.16851756e+00
  6.91508764e+00  -1.15689062e+00
  6.98458543e+00  -1.14537936e+00
  7.05478168e+00  -1.13398265e+00
  7.12568341e+00  -1.12269933e+00
  7.19729772e+00  -1.11152829e+00
  7.26963176e+00  -1.10046839e+00
  7.34269278e+00  -1.08951855e+00
  7.41648807e+00  -1.07867766e+00
  7.49102501e+00  -1.06794464e+00
  7.56631106e+00  -1.05731841e+00
  7.64235376e+00  -1.04679792e+00
  7.71916069e+00  -1.03638210e+00
  7.79673954e+00  -1.02606993e+00
  7.87509808e+00  -1.01586036e+00
  7.95424413e+00  -1.00575238e+00
  8.03418561e+00  -9.95744981e-01
  8.11493052e+00  -9.85837153e-01
  8.19648693e+00  -9.76027909e-01
  8.27886299e+00  -9.66316270e-01
  8.36206695e+00  -9.56701262e-01
  8.44610712e+00  -9.47181925e-01
  8.53099190e+00  -9.37757308e-01
  8.61672980e+00  -9.28426467e-01
  8.70332937e+00  -9.19188469e-01
  8.79079929e+00  -9.10042391e-01
  8.87914829e+00  -9.00987318e-01
  8.96838521e+00  -8.92022344e-01
  9.05851898e+00  -8.83146574e-01
  9.14955861e+00  -8.74359118e-01
  9.24151320e+00  -8.65659100e-01
  9.33439196e+00  -8.57045648e-01
  9.42820415e+00  -8.48517901e-01
  9.52295918e+00  -8.40075007e-01
  9.61866651e+00  -8.31716121e-01
  9.71533572e+00  -8.23440407e-01
  9.81297647e+00  -8.15247038e-01
  9.91159852e+00  -8.07135195e-01
  1.00112117e+01  -7.99104065e-01
  1.01118261e+01  -7.91152847e-01
  1.02134516e+01  -7.83280745e-01
  1.03160985e+01  -7.75486971e-01
  1.04197770e+01  -7.67770747e-01
  1.05244975e+01  -7.60131300e-01
  1.06302705e+01  -7.52567867e-01
  1.07371065e+01  -7.45079692e-01
  1.08450162e+01  -7.37666025e-01
  1.09540104e+01  -7.30326126e-01
  1.10641001e+01  -7.23059259e-01
  1.11752961e+01  -7.15864699e-01
  1.12876097e+01  -7.08741727e-01
  1.14010521e+01  -7.01689629e-01
  1.15156346e+01  -6.94707700e-01
  1.16313686e+01  -6.87795243e-01
  1.17482658e+01  -6.80951566e-01
  1.18663378e+01  -6.74175985e-01
  1.19855965e+01  -6.67467822e-01
  1.21060538e+01  -6.60826406e-01
  1.22277216e+01  -6.54251073e-01
  1.23506123e+01  -6.47741166e-01
  1.24747380e+01  -6.41296034e-01
  1.26001112e+01  -6.34915032e-01
  1.27267444e+01  -6.28597522e-01
  1.28546503e+01  -6.22342872e-01
  1.29838417e+01  -6.16150457e-01
  1.31143315e+01  -6.10019657e-01
  1.32461327e+01  -6.03949860e-01
  1.33792586e+01  -5.97940459e-01
  1.35137223e+01  -5.91990852e-01
  1.36495375e+01  -5.86100444e-01
  1.37867176e+01  -5.80268648e-01
  1.39252765e+01  -5.74494878e-01
  1.40652278e+01  -5.68778559e-01
  1.42065857e+01  -5.63119117e-01
  1.43493643e+01  -5.57515988e-01
  1.44935778e+01  -5.51968612e-01
  1.46392406e+01  -5.46476432e-01
  1.47863675e+01  -5.41038901e-01
  1.49349729e+01  -5.35655474e-01
  1.50850719e+01  -5.30325613e-01
  1.52366794e+01  -5.25048785e-01
  1.53898106e+01  -5.19824462e-01
  1.55444807e+01  -5.14652122e-01
  1.57007054e+01  -5.09531248e-01
  1.58585001e+01  -5.04461328e-01
  1.60178806e+01  -4.99441853e-01
  1.61788630e+01  -4.94472324e-01
  1.63414633e+01  -4.89552242e-01
  1.65056977e+01  -4.84681116e-01
  1.66715828e+01  -4.79858458e-01
  1.68391350e+01  -4.75083787e-01
  1.70083711e+01  -4.70356624e-01
  1.71793080e+01  -4.65676498e-01
  1.73519630e+01  -4.61042939e-01
  1.75263531e+01  -4.56455485e-01
  1.77024959e+01  -4.51913677e-01
  1.78804089e+01  -4.47417061e-01
  1.80601100e+01  -4.42965187e-01
  1.82416171e+01  -4.38557610e-01
  1.84249484e+01  -4.34193888e-01
  1.86101222e+01  -4.29873587e-01
  1.87971571e+01  -4.25596273e-01
  1.89860716e+01  -4.21361520e-01
  1.91768848e+01  -4.17168903e-01
  1.93696157e+01  -4.13018003e-01
  1.95642836e+01  -4.08908405e-01
  1.97609079e+01  -4.04839698e-01
  1.99595084e+01  -4.00811476e-01
  2.01601047e+01  -3.96823335e-01
  2.03627172e+01  -3.92874877e-01
  2.05673659e+01  -3.88965707e-01
  2.07740713e+01  -3.85095433e-01
  2.09828542e+01  -3.81263670e-01
  2.11937354e+01  -3.77470033e-01
  2.14067360e+01  -3.73714143e-01
  2.16218773e+01  -3.69995625e-01
  2.18391808e+01  -3.66314107e-01
  2.20586682e+01  -3.62669221e-01
  2.22803615e+01  -3.59060602e-01
  2.25042828e+01  -3.55487889e-01
  2.27304546e+01  -3.51950726e-01
  2.29588995e+01  -3.48448757e-01
  2.31896403e+01  -3.44981634e-01
  2.34227000e+01  -3.41549010e-01
  2.36581021e+01  -3.38150540e-01
  2.38958700e+01  -3.34785886e-01
  2.41360274e+01  -3.31454711e-01
  2.43785986e+01  -3.28156681e-01
  2.46236075e+01  -3.24891468e-01
  2.48710789e+01  -3.21658744e-01
  2.51210374e+01  -3.18458186e-01
  2.53735080e+01  -3.15289474e-01
  2.56285160e+01  -3.12152291e-01
  2.58860869e+01  -3.09046324e-01
  2.61462464e+01  -3.05971262e-01
  2.64090205e+01  -3.02926797e-01
  2.66744356e+01  -2.99912625e-01
  2.69425181e+01  -2.96928444e-01
  2.72132950e+01  -2.93973957e-01
  2.74867931e+01  -2.91048867e-01
  2.77630400e+01  -2.88152883e-01
  2.80420632e+01  -2.85285714e-01
  2.83238906e+01  -2.82447073e-01
  2.86085504e+01  -2.79636678e-01
  2.88960711e+01  -2.76854246e-01
  2.91864815e+01  -2.74099501e-01
  2.94798105e+01  -2.71372165e-01
  2.97760875e+01  -2.68671967e-01
  3.00753422e+01  -2.65998636e-01
  3.03776044e+01  -2.63351906e-01
  3.06829044e+01  -2.60731510e-01
  3.09912727e+01  -2.58137188e-01
  3.13027402e+01  -2.55568681e-01
  3.16173379e+01  -2.53025730e-01
  3.19350975e+01  -2.50508082e-01
  3.22560505e+01  -2.48015485e-01
  3.25802292e+01  -2.45547689e-01
  3.29076660e+01  -2.43104449e-01
  3.32383935e+01  -2.40685519e-01
  3.35724449e+01  -2.38290658e-01
  3.39098536e+01  -2.35919627e-01
  3.42506533e+01  -2.33572187e-01
  3.45948781e+01  -2.31248105e-01
  3.49425624e+01  -2.28947148e-01
  3.52937410e+01  -2.26669086e-01
  3.56484490e+01  -2.24413691e-01
  3.60067218e+01  -2.22180737e-01
  3.63685954e+01  -2.19970002e-01
  3.67341059e+01  -2.17781264e-01
  3.71032898e+01  -2.15614304e-01
  3.74761840e+01  -2.13468906e-01
  3.78528259e+01  -2.11344855e-01
  3.82332532e+01  -2.09241938e-01
  3.86175038e+01  -2.07159946e-01
  3.90056161e+01  -2.05098670e-01
  3.93976291e+01  -2.03057904e-01
  3.97935818e+01  -2.01037445e-01
  4.01935140e+01  -1.99037089e-01
  4.05974655e+01  -1.97056636e-01
  4.10054768e+01  -1.95095890e-01
  4.14175887e+01  -1.93154654e-01
  4.18338424e+01  -1.91232733e-01
  4.22542795e+01  -1.89329935e-01
  4.26789421e+01  -1.87446071e-01
  4.31078726e+01  -1.85580951e-01
  4.35411139e+01  -1.83734390e-01
  4.39787094e+01  -1.81906202e-01
  4.44207027e+01  -1.80096205e-01
  4.48671382e+01  -1.78304218e-01
  4.53180605e+01  -1.76530061e-01
  4.57735145e+01  -1.74773558e-01
  4.62335460e+01  -1.73034532e-01
  4.66982009e+01  -1.71312810e-01
  4.71675256e+01  -1.69608219e-01
  4.76415671e+01  -1.67920589e-01
  4.81203728e+01  -1.66249751e-01
  4.86039906e+01  -1.64595538e-01
  4.90924688e+01  -1.62957785e-01
  4.95858564e+01  -1.61336328e-01
  5.00842025e+01  -1.59731005e-01
  5.05875571e+01  -1.58141655e-01
  5.10959705e+01  -1.56568119e-01
  5.16094935e+01  -1.55010240e-01
  5.21281776e+01  -1.53467863e-01
  5.26520745e+01  -1.51940832e-01
  5.31812366e+01  -1.50428995e-01
  5.37157169e+01  -1.48932202e-01
  5.42555689e+01  -1.47450302e-01
  5.48008464e+01  -1.45983147e-01
  5.53516041e+01  -1.44530590e-01
  5.59078969e+01  -1.43092487e-01
  5.64697806e+01  -1.41668693e-01
  5.70373114e+01  -1.40259066e-01
  5.76105459e+01  -1.38863465e-01
  5.81895415e+01  -1.37481750e-01
  5.87743561e+01  -1.36113784e-01
  5.93650482e+01  -1.34759429e-01
  5.99616768e+01  -1.33418550e-01
  6.05643017e+01  -1.32091014e-01
  6.11729831e+01  -1.30776686e-01
  6.17877818e+01  -1.29475436e-01
  6.24087593e+01  -1.28187134e-01
  6.30359778e+01  -1.26911651e-01
  6.36694999e+01  -1.25648859e-01
  6.43093890e+01  -1.24398632e-01
  6.49557091e+01  -1.23160845e-01
  6.56085248e+01  -1.21935374e-01
  6.62679014e+01  -1.20722097e-01
  6.69339049e+01  -1.19520892e-01
  6.76066019e+01  -1.18331639e-01
  6.82860595e+01  -1.17154219e-01
  6.89723458e+01  -1.15988515e-01
  6.96655294e+01  -1.14834410e-01
  7.03656796e+01  -1.13691789e-01
  7.10728665e+01  -1.12560537e-01
  7.17871606e+01  -1.11440541e-01
  7.25086336e+01  -1.10331689e-01
  7.32373575e+01  -1.09233870e-01
  7.39734052e+01  -1.08146975e-01
  7.47168502e+01  -1.07070895e-01
  7.54677671e+01  -1.06005521e-01
  7.62262307e+01  -1.04950749e-01
  7.69923171e+01  -1.03906471e-01
  7.77661027e+01  -1.02872585e-01
  7.85476651e+01  -1.01848985e-01
  7.93370822e+01  -1.00835571e-01
  8.01344332e+01  -9.98322405e-02
  8.09397976e+01  -9.88388931e-02
  8.17532561e+01  -9.78554296e-02
  8.25748900e+01  -9.68817519e-02
  8.34047814e+01  -9.59177623e-02
  8.42430134e+01  -9.49633646e-02
  8.50896698e+01  -9.40184634e-02
  8.59448352e+01  -9.30829640e-02
  8.68085951e+01  -9.21567731e-02
  8.76810360e+01  -9.12397978e-02
  8.85622451e+01  -9.03319467e-02
  8.94523104e+01  -8.94331288e-02
  9.03513211e+01  -8.85432543e-02
  9.12593670e+01  -8.76622342e-02
  9.21765389e+01  -8.67899804e-02
  9.31029285e+01  -8.59264057e-02
  9.40386285e+01  -8.50714236e-02
  9.49837324e+01  -8.42249488e-02
  9.59383348e+01  -8.33868966e-02
  9.69025311e+01  -8.25571831e-02
  9.78764177e+01  -8.17357254e-02
  9.88600920e+01  -8.09224414e-02
  9.98536525e+01  -8.01172496e-02
