#       r             R(r)          X(r)=rR(r)          Veff
  8.386566e-05   1.599464e+01   1.341401e-03  -9.539066e+04
  8.470852e-05   1.599458e+01   1.354877e-03  -9.444150e+04
  8.555986e-05   1.599453e+01   1.368489e-03  -9.350179e+04
  8.641975e-05   1.599447e+01   1.382238e-03  -9.257144e+04
  8.728828e-05   1.599442e+01   1.396125e-03  -9.165033e+04
  8.816554e-05   1.599436e+01   1.410151e-03  -9.073840e+04
  8.905162e-05   1.599430e+01   1.424319e-03  -8.983554e+04
  8.994660e-05   1.599425e+01   1.438628e-03  -8.894166e+04
  9.085058e-05   1.599419e+01   1.453081e-03  -8.805667e+04
  9.176365e-05   1.599413e+01   1.467680e-03  -8.718049e+04
  9.268589e-05   1.599407e+01   1.482425e-03  -8.631303e+04
  9.361739e-05   1.599401e+01   1.497318e-03  -8.545421e+04
  9.455826e-05   1.599395e+01   1.512360e-03  -8.460392e+04
  9.550859e-05   1.599389e+01   1.527554e-03  -8.376210e+04
  9.646847e-05   1.599383e+01   1.542900e-03  -8.292865e+04
  9.743799e-05   1.599377e+01   1.558401e-03  -8.210350e+04
  9.841726e-05   1.599370e+01   1.574057e-03  -8.128655e+04
  9.940637e-05   1.599364e+01   1.589870e-03  -8.047774e+04
  1.004054e-04   1.599358e+01   1.605842e-03  -7.967697e+04
  1.014145e-04   1.599351e+01   1.621974e-03  -7.888417e+04
  1.024337e-04   1.599345e+01   1.638269e-03  -7.809926e+04
  1.034632e-04   1.599338e+01   1.654727e-03  -7.732216e+04
  1.045030e-04   1.599331e+01   1.671350e-03  -7.655279e+04
  1.055533e-04   1.599325e+01   1.688140e-03  -7.579108e+04
  1.066141e-04   1.599318e+01   1.705099e-03  -7.503695e+04
  1.076856e-04   1.599311e+01   1.722228e-03  -7.429032e+04
  1.087679e-04   1.599304e+01   1.739529e-03  -7.355112e+04
  1.098610e-04   1.599297e+01   1.757004e-03  -7.281927e+04
  1.109652e-04   1.599290e+01   1.774655e-03  -7.209471e+04
  1.120804e-04   1.599283e+01   1.792482e-03  -7.137735e+04
  1.132068e-04   1.599276e+01   1.810489e-03  -7.066714e+04
  1.143445e-04   1.599268e+01   1.828676e-03  -6.996399e+04
  1.154937e-04   1.599261e+01   1.847046e-03  -6.926783e+04
  1.166545e-04   1.599254e+01   1.865601e-03  -6.857861e+04
  1.178269e-04   1.599246e+01   1.884341e-03  -6.789624e+04
  1.190110e-04   1.599239e+01   1.903270e-03  -6.722066e+04
  1.202071e-04   1.599231e+01   1.922389e-03  -6.655180e+04
  1.214152e-04   1.599223e+01   1.941700e-03  -6.588960e+04
  1.226355e-04   1.599215e+01   1.961205e-03  -6.523399e+04
  1.238680e-04   1.599208e+01   1.980906e-03  -6.458490e+04
  1.251129e-04   1.599200e+01   2.000804e-03  -6.394227e+04
  1.263703e-04   1.599192e+01   2.020903e-03  -6.330603e+04
  1.276403e-04   1.599183e+01   2.041203e-03  -6.267613e+04
  1.289231e-04   1.599175e+01   2.061706e-03  -6.205249e+04
  1.302188e-04   1.599167e+01   2.082416e-03  -6.143506e+04
  1.315275e-04   1.599159e+01   2.103334e-03  -6.082377e+04
  1.328494e-04   1.599150e+01   2.124461e-03  -6.021856e+04
  1.341846e-04   1.599142e+01   2.145801e-03  -5.961938e+04
  1.355331e-04   1.599133e+01   2.167355e-03  -5.902615e+04
  1.368953e-04   1.599124e+01   2.189125e-03  -5.843883e+04
  1.382711e-04   1.599115e+01   2.211114e-03  -5.785736e+04
  1.396607e-04   1.599107e+01   2.233324e-03  -5.728167e+04
  1.410644e-04   1.599098e+01   2.255757e-03  -5.671170e+04
  1.424821e-04   1.599088e+01   2.278414e-03  -5.614741e+04
  1.439140e-04   1.599079e+01   2.301300e-03  -5.558874e+04
  1.453604e-04   1.599070e+01   2.324415e-03  -5.503562e+04
  1.468213e-04   1.599061e+01   2.347762e-03  -5.448801e+04
  1.482969e-04   1.599051e+01   2.371343e-03  -5.394584e+04
  1.497873e-04   1.599042e+01   2.395161e-03  -5.340907e+04
  1.512927e-04   1.599032e+01   2.419218e-03  -5.287764e+04
  1.528132e-04   1.599022e+01   2.443517e-03  -5.235150e+04
  1.543490e-04   1.599013e+01   2.468060e-03  -5.183060e+04
  1.559002e-04   1.599003e+01   2.492849e-03  -5.131487e+04
  1.574670e-04   1.598993e+01   2.517886e-03  -5.080428e+04
  1.590496e-04   1.598983e+01   2.543176e-03  -5.029877e+04
  1.606481e-04   1.598972e+01   2.568718e-03  -4.979829e+04
  1.622626e-04   1.598962e+01   2.594518e-03  -4.930279e+04
  1.638934e-04   1.598952e+01   2.620576e-03  -4.881222e+04
  1.655406e-04   1.598941e+01   2.646896e-03  -4.832653e+04
  1.672043e-04   1.598930e+01   2.673480e-03  -4.784567e+04
  1.688847e-04   1.598920e+01   2.700330e-03  -4.736960e+04
  1.705820e-04   1.598909e+01   2.727451e-03  -4.689826e+04
  1.722964e-04   1.598898e+01   2.754843e-03  -4.643162e+04
  1.740280e-04   1.598887e+01   2.782511e-03  -4.596961e+04
  1.757770e-04   1.598876e+01   2.810456e-03  -4.551221e+04
  1.775436e-04   1.598864e+01   2.838681e-03  -4.505936e+04
  1.793279e-04   1.598853e+01   2.867190e-03  -4.461101e+04
  1.811302e-04   1.598841e+01   2.895985e-03  -4.416712e+04
  1.829506e-04   1.598830e+01   2.925068e-03  -4.372765e+04
  1.847893e-04   1.598818e+01   2.954444e-03  -4.329255e+04
  1.866465e-04   1.598806e+01   2.984115e-03  -4.286178e+04
  1.885223e-04   1.598794e+01   3.014083e-03  -4.243530e+04
  1.904170e-04   1.598782e+01   3.044352e-03  -4.201306e+04
  1.923307e-04   1.598770e+01   3.074925e-03  -4.159503e+04
  1.942636e-04   1.598757e+01   3.105804e-03  -4.118115e+04
  1.962160e-04   1.598745e+01   3.136993e-03  -4.077139e+04
  1.981880e-04   1.598732e+01   3.168496e-03  -4.036571e+04
  2.001798e-04   1.598719e+01   3.200314e-03  -3.996406e+04
  2.021917e-04   1.598707e+01   3.232452e-03  -3.956641e+04
  2.042237e-04   1.598694e+01   3.264912e-03  -3.917272e+04
  2.062762e-04   1.598680e+01   3.297698e-03  -3.878295e+04
  2.083493e-04   1.598667e+01   3.330813e-03  -3.839705e+04
  2.104433e-04   1.598654e+01   3.364260e-03  -3.801499e+04
  2.125583e-04   1.598640e+01   3.398042e-03  -3.763674e+04
  2.146945e-04   1.598627e+01   3.432164e-03  -3.726225e+04
  2.168522e-04   1.598613e+01   3.466628e-03  -3.689148e+04
  2.190316e-04   1.598599e+01   3.501437e-03  -3.652440e+04
  2.212329e-04   1.598585e+01   3.536596e-03  -3.616098e+04
  2.234564e-04   1.598571e+01   3.572108e-03  -3.580117e+04
  2.257021e-04   1.598556e+01   3.607976e-03  -3.544494e+04
  2.279705e-04   1.598542e+01   3.644203e-03  -3.509226e+04
  2.302616e-04   1.598527e+01   3.680795e-03  -3.474309e+04
  2.325758e-04   1.598512e+01   3.717753e-03  -3.439739e+04
  2.349132e-04   1.598497e+01   3.755082e-03  -3.405513e+04
  2.372741e-04   1.598482e+01   3.792785e-03  -3.371627e+04
  2.396588e-04   1.598467e+01   3.830867e-03  -3.338079e+04
  2.420674e-04   1.598452e+01   3.869330e-03  -3.304865e+04
  2.445002e-04   1.598436e+01   3.908180e-03  -3.271981e+04
  2.469575e-04   1.598420e+01   3.947419e-03  -3.239424e+04
  2.494394e-04   1.598404e+01   3.987051e-03  -3.207191e+04
  2.519464e-04   1.598388e+01   4.027081e-03  -3.175279e+04
  2.544785e-04   1.598372e+01   4.067513e-03  -3.143685e+04
  2.570360e-04   1.598356e+01   4.108350e-03  -3.112404e+04
  2.596193e-04   1.598339e+01   4.149597e-03  -3.081435e+04
  2.622285e-04   1.598323e+01   4.191257e-03  -3.050775e+04
  2.648639e-04   1.598306e+01   4.233336e-03  -3.020419e+04
  2.675258e-04   1.598289e+01   4.275836e-03  -2.990365e+04
  2.702145e-04   1.598272e+01   4.318762e-03  -2.960611e+04
  2.729302e-04   1.598254e+01   4.362119e-03  -2.931152e+04
  2.756732e-04   1.598237e+01   4.405911e-03  -2.901987e+04
  2.784438e-04   1.598219e+01   4.450142e-03  -2.873111e+04
  2.812422e-04   1.598201e+01   4.494816e-03  -2.844523e+04
  2.840687e-04   1.598183e+01   4.539938e-03  -2.816220e+04
  2.869237e-04   1.598165e+01   4.585513e-03  -2.788198e+04
  2.898073e-04   1.598146e+01   4.631545e-03  -2.760455e+04
  2.927199e-04   1.598128e+01   4.678038e-03  -2.732988e+04
  2.956618e-04   1.598109e+01   4.724997e-03  -2.705794e+04
  2.986332e-04   1.598090e+01   4.772428e-03  -2.678871e+04
  3.016346e-04   1.598071e+01   4.820334e-03  -2.652216e+04
  3.046660e-04   1.598051e+01   4.868720e-03  -2.625826e+04
  3.077280e-04   1.598032e+01   4.917591e-03  -2.599699e+04
  3.108207e-04   1.598012e+01   4.966952e-03  -2.573831e+04
  3.139445e-04   1.597992e+01   5.016808e-03  -2.548221e+04
  3.170997e-04   1.597972e+01   5.067164e-03  -2.522866e+04
  3.202866e-04   1.597952e+01   5.118024e-03  -2.497763e+04
  3.235055e-04   1.597931e+01   5.169395e-03  -2.472910e+04
  3.267568e-04   1.597910e+01   5.221280e-03  -2.448304e+04
  3.300408e-04   1.597889e+01   5.273686e-03  -2.423943e+04
  3.333577e-04   1.597868e+01   5.326617e-03  -2.399824e+04
  3.367080e-04   1.597847e+01   5.380078e-03  -2.375946e+04
  3.400920e-04   1.597825e+01   5.434075e-03  -2.352305e+04
  3.435100e-04   1.597803e+01   5.488613e-03  -2.328899e+04
  3.469623e-04   1.597781e+01   5.543698e-03  -2.305726e+04
  3.504494e-04   1.597759e+01   5.599335e-03  -2.282783e+04
  3.539714e-04   1.597736e+01   5.655530e-03  -2.260069e+04
  3.575289e-04   1.597713e+01   5.712287e-03  -2.237581e+04
  3.611221e-04   1.597691e+01   5.769614e-03  -2.215317e+04
  3.647515e-04   1.597667e+01   5.827515e-03  -2.193274e+04
  3.684173e-04   1.597644e+01   5.885996e-03  -2.171451e+04
  3.721199e-04   1.597620e+01   5.945063e-03  -2.149845e+04
  3.758598e-04   1.597596e+01   6.004722e-03  -2.128453e+04
  3.796373e-04   1.597572e+01   6.064979e-03  -2.107275e+04
  3.834527e-04   1.597548e+01   6.125840e-03  -2.086307e+04
  3.873064e-04   1.597523e+01   6.187310e-03  -2.065548e+04
  3.911989e-04   1.597498e+01   6.249396e-03  -2.044995e+04
  3.951305e-04   1.597473e+01   6.312105e-03  -2.024647e+04
  3.991017e-04   1.597448e+01   6.375441e-03  -2.004502e+04
  4.031127e-04   1.597422e+01   6.439412e-03  -1.984557e+04
  4.071641e-04   1.597396e+01   6.504024e-03  -1.964810e+04
  4.112561e-04   1.597370e+01   6.569283e-03  -1.945260e+04
  4.153893e-04   1.597344e+01   6.635195e-03  -1.925904e+04
  4.195641e-04   1.597317e+01   6.701768e-03  -1.906741e+04
  4.237807e-04   1.597290e+01   6.769008e-03  -1.887769e+04
  4.280398e-04   1.597263e+01   6.836921e-03  -1.868985e+04
  4.323417e-04   1.597235e+01   6.905515e-03  -1.850388e+04
  4.366868e-04   1.597208e+01   6.974795e-03  -1.831977e+04
  4.410756e-04   1.597180e+01   7.044769e-03  -1.813748e+04
  4.455084e-04   1.597151e+01   7.115444e-03  -1.795701e+04
  4.499859e-04   1.597123e+01   7.186827e-03  -1.777834e+04
  4.545083e-04   1.597094e+01   7.258924e-03  -1.760144e+04
  4.590762e-04   1.597065e+01   7.331744e-03  -1.742630e+04
  4.636900e-04   1.597035e+01   7.405292e-03  -1.725291e+04
  4.683501e-04   1.597005e+01   7.479577e-03  -1.708124e+04
  4.730571e-04   1.596975e+01   7.554606e-03  -1.691128e+04
  4.778114e-04   1.596945e+01   7.630386e-03  -1.674301e+04
  4.826135e-04   1.596914e+01   7.706924e-03  -1.657641e+04
  4.874639e-04   1.596883e+01   7.784229e-03  -1.641147e+04
  4.923630e-04   1.596852e+01   7.862308e-03  -1.624818e+04
  4.973113e-04   1.596820e+01   7.941168e-03  -1.608650e+04
  5.023094e-04   1.596788e+01   8.020818e-03  -1.592644e+04
  5.073577e-04   1.596756e+01   8.101265e-03  -1.576797e+04
  5.124567e-04   1.596724e+01   8.182517e-03  -1.561108e+04
  5.176070e-04   1.596691e+01   8.264583e-03  -1.545574e+04
  5.228090e-04   1.596658e+01   8.347469e-03  -1.530196e+04
  5.280633e-04   1.596624e+01   8.431186e-03  -1.514970e+04
  5.333704e-04   1.596590e+01   8.515740e-03  -1.499896e+04
  5.387309e-04   1.596556e+01   8.601140e-03  -1.484971e+04
  5.441452e-04   1.596521e+01   8.687395e-03  -1.470196e+04
  5.496140e-04   1.596486e+01   8.774512e-03  -1.455567e+04
  5.551377e-04   1.596451e+01   8.862502e-03  -1.441084e+04
  5.607169e-04   1.596415e+01   8.951372e-03  -1.426745e+04
  5.663522e-04   1.596379e+01   9.041131e-03  -1.412549e+04
  5.720442e-04   1.596343e+01   9.131788e-03  -1.398493e+04
  5.777933e-04   1.596306e+01   9.223352e-03  -1.384578e+04
  5.836002e-04   1.596269e+01   9.315831e-03  -1.370801e+04
  5.894655e-04   1.596232e+01   9.409236e-03  -1.357162e+04
  5.953897e-04   1.596194e+01   9.503576e-03  -1.343658e+04
  6.013735e-04   1.596156e+01   9.598858e-03  -1.330288e+04
  6.074174e-04   1.596117e+01   9.695094e-03  -1.317052e+04
  6.135220e-04   1.596078e+01   9.792292e-03  -1.303947e+04
  6.196880e-04   1.596039e+01   9.890462e-03  -1.290972e+04
  6.259160e-04   1.595999e+01   9.989614e-03  -1.278127e+04
  6.322066e-04   1.595959e+01   1.008976e-02  -1.265409e+04
  6.385604e-04   1.595918e+01   1.019090e-02  -1.252818e+04
  6.449780e-04   1.595877e+01   1.029306e-02  -1.240352e+04
  6.514601e-04   1.595836e+01   1.039624e-02  -1.228011e+04
  6.580074e-04   1.595794e+01   1.050044e-02  -1.215792e+04
  6.646205e-04   1.595752e+01   1.060570e-02  -1.203694e+04
  6.713000e-04   1.595709e+01   1.071200e-02  -1.191717e+04
  6.780467e-04   1.595666e+01   1.081936e-02  -1.179860e+04
  6.848612e-04   1.595623e+01   1.092780e-02  -1.168120e+04
  6.917442e-04   1.595579e+01   1.103732e-02  -1.156497e+04
  6.986963e-04   1.595535e+01   1.114794e-02  -1.144990e+04
  7.057183e-04   1.595490e+01   1.125966e-02  -1.133597e+04
  7.128109e-04   1.595445e+01   1.137250e-02  -1.122317e+04
  7.199748e-04   1.595399e+01   1.148647e-02  -1.111150e+04
  7.272107e-04   1.595353e+01   1.160157e-02  -1.100094e+04
  7.345192e-04   1.595306e+01   1.171783e-02  -1.089148e+04
  7.419013e-04   1.595259e+01   1.183525e-02  -1.078311e+04
  7.493575e-04   1.595211e+01   1.195384e-02  -1.067581e+04
  7.568887e-04   1.595163e+01   1.207361e-02  -1.056959e+04
  7.644955e-04   1.595115e+01   1.219458e-02  -1.046442e+04
  7.721789e-04   1.595066e+01   1.231676e-02  -1.036029e+04
  7.799394e-04   1.595016e+01   1.244016e-02  -1.025721e+04
  7.877779e-04   1.594966e+01   1.256479e-02  -1.015515e+04
  7.956952e-04   1.594916e+01   1.269067e-02  -1.005410e+04
  8.036921e-04   1.594865e+01   1.281780e-02  -9.954061e+03
  8.117693e-04   1.594813e+01   1.294620e-02  -9.855017e+03
  8.199277e-04   1.594761e+01   1.307589e-02  -9.756958e+03
  8.281681e-04   1.594709e+01   1.320687e-02  -9.659874e+03
  8.364914e-04   1.594655e+01   1.333915e-02  -9.563757e+03
  8.448982e-04   1.594602e+01   1.347276e-02  -9.468596e+03
  8.533896e-04   1.594548e+01   1.360770e-02  -9.374382e+03
  8.619663e-04   1.594493e+01   1.374399e-02  -9.281105e+03
  8.706292e-04   1.594438e+01   1.388164e-02  -9.188757e+03
  8.793792e-04   1.594382e+01   1.402066e-02  -9.097327e+03
  8.882171e-04   1.594326e+01   1.416107e-02  -9.006807e+03
  8.971438e-04   1.594269e+01   1.430288e-02  -8.917188e+03
  9.061603e-04   1.594211e+01   1.444611e-02  -8.828460e+03
  9.152673e-04   1.594153e+01   1.459076e-02  -8.740616e+03
  9.244659e-04   1.594094e+01   1.473686e-02  -8.653645e+03
  9.337570e-04   1.594035e+01   1.488441e-02  -8.567540e+03
  9.431414e-04   1.593975e+01   1.503344e-02  -8.482291e+03
  9.526201e-04   1.593915e+01   1.518395e-02  -8.397891e+03
  9.621941e-04   1.593854e+01   1.533597e-02  -8.314331e+03
  9.718643e-04   1.593792e+01   1.548950e-02  -8.231602e+03
  9.816317e-04   1.593730e+01   1.564456e-02  -8.149696e+03
  9.914973e-04   1.593667e+01   1.580116e-02  -8.068605e+03
  1.001462e-03   1.593603e+01   1.595933e-02  -7.988321e+03
  1.011527e-03   1.593539e+01   1.611908e-02  -7.908836e+03
  1.021693e-03   1.593475e+01   1.628042e-02  -7.830142e+03
  1.031961e-03   1.593409e+01   1.644336e-02  -7.752231e+03
  1.042332e-03   1.593343e+01   1.660793e-02  -7.675095e+03
  1.052808e-03   1.593276e+01   1.677414e-02  -7.598726e+03
  1.063389e-03   1.593209e+01   1.694201e-02  -7.523118e+03
  1.074076e-03   1.593141e+01   1.711154e-02  -7.448261e+03
  1.084871e-03   1.593072e+01   1.728277e-02  -7.374150e+03
  1.095774e-03   1.593002e+01   1.745571e-02  -7.300776e+03
  1.106787e-03   1.592932e+01   1.763036e-02  -7.228132e+03
  1.117910e-03   1.592861e+01   1.780676e-02  -7.156211e+03
  1.129145e-03   1.592790e+01   1.798491e-02  -7.085005e+03
  1.140493e-03   1.592717e+01   1.816484e-02  -7.014508e+03
  1.151955e-03   1.592644e+01   1.834656e-02  -6.944713e+03
  1.163533e-03   1.592571e+01   1.853008e-02  -6.875612e+03
  1.175227e-03   1.592496e+01   1.871544e-02  -6.807198e+03
  1.187038e-03   1.592421e+01   1.890264e-02  -6.739466e+03
  1.198968e-03   1.592345e+01   1.909170e-02  -6.672407e+03
  1.211018e-03   1.592268e+01   1.928265e-02  -6.606015e+03
  1.223188e-03   1.592191e+01   1.947549e-02  -6.540284e+03
  1.235482e-03   1.592112e+01   1.967026e-02  -6.475207e+03
  1.247898e-03   1.592033e+01   1.986696e-02  -6.410778e+03
  1.260440e-03   1.591953e+01   2.006562e-02  -6.346990e+03
  1.273108e-03   1.591873e+01   2.026626e-02  -6.283836e+03
  1.285903e-03   1.591791e+01   2.046889e-02  -6.221311e+03
  1.298826e-03   1.591709e+01   2.067353e-02  -6.159408e+03
  1.311880e-03   1.591626e+01   2.088022e-02  -6.098121e+03
  1.325064e-03   1.591542e+01   2.108895e-02  -6.037443e+03
  1.338381e-03   1.591457e+01   2.129977e-02  -5.977370e+03
  1.351832e-03   1.591372e+01   2.151268e-02  -5.917894e+03
  1.365418e-03   1.591285e+01   2.172770e-02  -5.859010e+03
  1.379141e-03   1.591198e+01   2.194486e-02  -5.800712e+03
  1.393002e-03   1.591110e+01   2.216418e-02  -5.742994e+03
  1.407002e-03   1.591020e+01   2.238568e-02  -5.685850e+03
  1.421142e-03   1.590931e+01   2.260938e-02  -5.629275e+03
  1.435425e-03   1.590840e+01   2.283531e-02  -5.573263e+03
  1.449851e-03   1.590748e+01   2.306348e-02  -5.517808e+03
  1.464422e-03   1.590655e+01   2.329391e-02  -5.462905e+03
  1.479140e-03   1.590561e+01   2.352663e-02  -5.408548e+03
  1.494006e-03   1.590467e+01   2.376167e-02  -5.354732e+03
  1.509021e-03   1.590371e+01   2.399903e-02  -5.301451e+03
  1.524187e-03   1.590275e+01   2.423876e-02  -5.248701e+03
  1.539505e-03   1.590177e+01   2.448086e-02  -5.196476e+03
  1.554977e-03   1.590079e+01   2.472537e-02  -5.144770e+03
  1.570605e-03   1.589980e+01   2.497230e-02  -5.093578e+03
  1.586390e-03   1.589879e+01   2.522168e-02  -5.042897e+03
  1.602333e-03   1.589778e+01   2.547354e-02  -4.992719e+03
  1.618437e-03   1.589675e+01   2.572790e-02  -4.943040e+03
  1.634703e-03   1.589572e+01   2.598478e-02  -4.893856e+03
  1.651132e-03   1.589468e+01   2.624420e-02  -4.845162e+03
  1.667726e-03   1.589362e+01   2.650620e-02  -4.796952e+03
  1.684487e-03   1.589256e+01   2.677080e-02  -4.749221e+03
  1.701416e-03   1.589148e+01   2.703802e-02  -4.701966e+03
  1.718516e-03   1.589039e+01   2.730789e-02  -4.655180e+03
  1.735787e-03   1.588929e+01   2.758043e-02  -4.608860e+03
  1.753232e-03   1.588819e+01   2.785568e-02  -4.563001e+03
  1.770852e-03   1.588707e+01   2.813365e-02  -4.517599e+03
  1.788650e-03   1.588594e+01   2.841437e-02  -4.472648e+03
  1.806626e-03   1.588479e+01   2.869788e-02  -4.428144e+03
  1.824783e-03   1.588364e+01   2.898419e-02  -4.384084e+03
  1.843122e-03   1.588247e+01   2.927334e-02  -4.340461e+03
  1.861646e-03   1.588130e+01   2.956535e-02  -4.297273e+03
  1.880356e-03   1.588011e+01   2.986025e-02  -4.254514e+03
  1.899254e-03   1.587891e+01   3.015807e-02  -4.212181e+03
  1.918341e-03   1.587770e+01   3.045884e-02  -4.170269e+03
  1.937621e-03   1.587647e+01   3.076258e-02  -4.128774e+03
  1.957094e-03   1.587524e+01   3.106933e-02  -4.087692e+03
  1.976764e-03   1.587399e+01   3.137912e-02  -4.047019e+03
  1.996630e-03   1.587272e+01   3.169196e-02  -4.006751e+03
  2.016697e-03   1.587145e+01   3.200790e-02  -3.966883e+03
  2.036965e-03   1.587016e+01   3.232697e-02  -3.927412e+03
  2.057437e-03   1.586886e+01   3.264919e-02  -3.888333e+03
  2.078114e-03   1.586755e+01   3.297459e-02  -3.849644e+03
  2.099000e-03   1.586623e+01   3.330321e-02  -3.811339e+03
  2.120095e-03   1.586489e+01   3.363507e-02  -3.773416e+03
  2.141402e-03   1.586354e+01   3.397021e-02  -3.735870e+03
  2.162924e-03   1.586217e+01   3.430867e-02  -3.698697e+03
  2.184662e-03   1.586079e+01   3.465046e-02  -3.661894e+03
  2.206618e-03   1.585940e+01   3.499563e-02  -3.625458e+03
  2.228795e-03   1.585799e+01   3.534421e-02  -3.589384e+03
  2.251194e-03   1.585657e+01   3.569622e-02  -3.553669e+03
  2.273819e-03   1.585514e+01   3.605171e-02  -3.518310e+03
  2.296672e-03   1.585369e+01   3.641071e-02  -3.483302e+03
  2.319753e-03   1.585222e+01   3.677325e-02  -3.448642e+03
  2.343067e-03   1.585074e+01   3.713936e-02  -3.414328e+03
  2.366616e-03   1.584925e+01   3.750909e-02  -3.380355e+03
  2.390400e-03   1.584774e+01   3.788245e-02  -3.346720e+03
  2.414424e-03   1.584622e+01   3.825950e-02  -3.313419e+03
  2.438690e-03   1.584468e+01   3.864027e-02  -3.280450e+03
  2.463199e-03   1.584313e+01   3.902478e-02  -3.247809e+03
  2.487955e-03   1.584156e+01   3.941308e-02  -3.215493e+03
  2.512959e-03   1.583998e+01   3.980521e-02  -3.183498e+03
  2.538215e-03   1.583838e+01   4.020120e-02  -3.151822e+03
  2.563724e-03   1.583676e+01   4.060108e-02  -3.120461e+03
  2.589490e-03   1.583513e+01   4.100490e-02  -3.089412e+03
  2.615515e-03   1.583348e+01   4.141270e-02  -3.058671e+03
  2.641801e-03   1.583181e+01   4.182451e-02  -3.028237e+03
  2.668352e-03   1.583013e+01   4.224036e-02  -2.998106e+03
  2.695169e-03   1.582844e+01   4.266031e-02  -2.968274e+03
  2.722256e-03   1.582672e+01   4.308438e-02  -2.938739e+03
  2.749615e-03   1.582499e+01   4.351263e-02  -2.909498e+03
  2.777249e-03   1.582324e+01   4.394508e-02  -2.880548e+03
  2.805161e-03   1.582147e+01   4.438178e-02  -2.851886e+03
  2.833353e-03   1.581969e+01   4.482277e-02  -2.823510e+03
  2.861829e-03   1.581789e+01   4.526809e-02  -2.795415e+03
  2.890591e-03   1.581607e+01   4.571778e-02  -2.767600e+03
  2.919642e-03   1.581423e+01   4.617189e-02  -2.740062e+03
  2.948985e-03   1.581237e+01   4.663045e-02  -2.712798e+03
  2.978622e-03   1.581050e+01   4.709351e-02  -2.685805e+03
  3.008558e-03   1.580861e+01   4.756111e-02  -2.659081e+03
  3.038795e-03   1.580669e+01   4.803330e-02  -2.632623e+03
  3.069335e-03   1.580476e+01   4.851011e-02  -2.606428e+03
  3.100182e-03   1.580281e+01   4.899160e-02  -2.580493e+03
  3.131340e-03   1.580084e+01   4.947781e-02  -2.554817e+03
  3.162810e-03   1.579886e+01   4.996878e-02  -2.529396e+03
  3.194597e-03   1.579685e+01   5.046456e-02  -2.504228e+03
  3.226703e-03   1.579482e+01   5.096519e-02  -2.479311e+03
  3.259132e-03   1.579277e+01   5.147072e-02  -2.454641e+03
  3.291887e-03   1.579070e+01   5.198120e-02  -2.430217e+03
  3.324971e-03   1.578861e+01   5.249667e-02  -2.406036e+03
  3.358387e-03   1.578650e+01   5.301718e-02  -2.382096e+03
  3.392140e-03   1.578437e+01   5.354279e-02  -2.358393e+03
  3.426231e-03   1.578222e+01   5.407353e-02  -2.334927e+03
  3.460666e-03   1.578004e+01   5.460945e-02  -2.311694e+03
  3.495446e-03   1.577785e+01   5.515061e-02  -2.288692e+03
  3.530576e-03   1.577563e+01   5.569706e-02  -2.265919e+03
  3.566058e-03   1.577339e+01   5.624884e-02  -2.243373e+03
  3.601898e-03   1.577113e+01   5.680601e-02  -2.221051e+03
  3.638098e-03   1.576885e+01   5.736861e-02  -2.198951e+03
  3.674661e-03   1.576654e+01   5.793670e-02  -2.177071e+03
  3.711592e-03   1.576421e+01   5.851033e-02  -2.155409e+03
  3.748894e-03   1.576186e+01   5.908955e-02  -2.133963e+03
  3.786571e-03   1.575949e+01   5.967441e-02  -2.112729e+03
  3.824627e-03   1.575709e+01   6.026498e-02  -2.091707e+03
  3.863065e-03   1.575466e+01   6.086129e-02  -2.070894e+03
  3.901889e-03   1.575222e+01   6.146341e-02  -2.050289e+03
  3.941104e-03   1.574975e+01   6.207139e-02  -2.029888e+03
  3.980713e-03   1.574725e+01   6.268529e-02  -2.009690e+03
  4.020720e-03   1.574473e+01   6.330516e-02  -1.989694e+03
  4.061129e-03   1.574219e+01   6.393105e-02  -1.969896e+03
  4.101944e-03   1.573962e+01   6.456302e-02  -1.950295e+03
  4.143169e-03   1.573702e+01   6.520114e-02  -1.930889e+03
  4.184808e-03   1.573440e+01   6.584546e-02  -1.911677e+03
  4.226866e-03   1.573175e+01   6.649603e-02  -1.892655e+03
  4.269347e-03   1.572908e+01   6.715291e-02  -1.873823e+03
  4.312255e-03   1.572638e+01   6.781617e-02  -1.855178e+03
  4.355594e-03   1.572366e+01   6.848586e-02  -1.836719e+03
  4.399368e-03   1.572090e+01   6.916204e-02  -1.818443e+03
  4.443582e-03   1.571812e+01   6.984478e-02  -1.800349e+03
  4.488241e-03   1.571532e+01   7.053413e-02  -1.782435e+03
  4.533349e-03   1.571248e+01   7.123015e-02  -1.764700e+03
  4.578910e-03   1.570962e+01   7.193292e-02  -1.747141e+03
  4.624929e-03   1.570673e+01   7.264248e-02  -1.729756e+03
  4.671410e-03   1.570381e+01   7.335891e-02  -1.712545e+03
  4.718358e-03   1.570086e+01   7.408227e-02  -1.695505e+03
  4.765779e-03   1.569788e+01   7.481262e-02  -1.678634e+03
  4.813675e-03   1.569487e+01   7.555002e-02  -1.661932e+03
  4.862054e-03   1.569183e+01   7.629454e-02  -1.645395e+03
  4.910918e-03   1.568877e+01   7.704626e-02  -1.629023e+03
  4.960274e-03   1.568567e+01   7.780522e-02  -1.612814e+03
  5.010125e-03   1.568254e+01   7.857151e-02  -1.596766e+03
  5.060478e-03   1.567939e+01   7.934518e-02  -1.580878e+03
  5.111337e-03   1.567620e+01   8.012631e-02  -1.565148e+03
  5.162706e-03   1.567298e+01   8.091497e-02  -1.549575e+03
  5.214592e-03   1.566972e+01   8.171122e-02  -1.534156e+03
  5.267000e-03   1.566644e+01   8.251513e-02  -1.518891e+03
  5.319934e-03   1.566312e+01   8.332677e-02  -1.503778e+03
  5.373400e-03   1.565977e+01   8.414622e-02  -1.488815e+03
  5.427404e-03   1.565639e+01   8.497355e-02  -1.474001e+03
  5.481950e-03   1.565297e+01   8.580882e-02  -1.459335e+03
  5.537045e-03   1.564952e+01   8.665212e-02  -1.444814e+03
  5.592693e-03   1.564604e+01   8.750351e-02  -1.430438e+03
  5.648900e-03   1.564252e+01   8.836306e-02  -1.416205e+03
  5.705673e-03   1.563897e+01   8.923086e-02  -1.402113e+03
  5.763016e-03   1.563539e+01   9.010698e-02  -1.388162e+03
  5.820935e-03   1.563176e+01   9.099148e-02  -1.374350e+03
  5.879436e-03   1.562811e+01   9.188446e-02  -1.360675e+03
  5.938526e-03   1.562441e+01   9.278598e-02  -1.347136e+03
  5.998209e-03   1.562068e+01   9.369612e-02  -1.333731e+03
  6.058492e-03   1.561692e+01   9.461497e-02  -1.320461e+03
  6.119381e-03   1.561311e+01   9.554259e-02  -1.307322e+03
  6.180882e-03   1.560927e+01   9.647907e-02  -1.294314e+03
  6.243001e-03   1.560540e+01   9.742449e-02  -1.281435e+03
  6.305744e-03   1.560148e+01   9.837893e-02  -1.268685e+03
  6.369117e-03   1.559753e+01   9.934247e-02  -1.256061e+03
  6.433128e-03   1.559353e+01   1.003152e-01  -1.243563e+03
  6.497782e-03   1.558950e+01   1.012972e-01  -1.231189e+03
  6.563086e-03   1.558543e+01   1.022885e-01  -1.218939e+03
  6.629046e-03   1.558132e+01   1.032893e-01  -1.206810e+03
  6.695669e-03   1.557716e+01   1.042995e-01  -1.194802e+03
  6.762962e-03   1.557297e+01   1.053194e-01  -1.182914e+03
  6.830931e-03   1.556874e+01   1.063490e-01  -1.171144e+03
  6.899583e-03   1.556446e+01   1.073883e-01  -1.159490e+03
  6.968925e-03   1.556015e+01   1.084375e-01  -1.147953e+03
  7.038963e-03   1.555579e+01   1.094966e-01  -1.136531e+03
  7.109706e-03   1.555139e+01   1.105658e-01  -1.125222e+03
  7.181160e-03   1.554694e+01   1.116451e-01  -1.114026e+03
  7.253332e-03   1.554246e+01   1.127346e-01  -1.102941e+03
  7.326229e-03   1.553792e+01   1.138344e-01  -1.091967e+03
  7.399859e-03   1.553335e+01   1.149446e-01  -1.081102e+03
  7.474229e-03   1.552873e+01   1.160653e-01  -1.070345e+03
  7.549346e-03   1.552406e+01   1.171965e-01  -1.059694e+03
  7.625218e-03   1.551935e+01   1.183385e-01  -1.049150e+03
  7.701853e-03   1.551460e+01   1.194911e-01  -1.038711e+03
  7.779258e-03   1.550979e+01   1.206547e-01  -1.028376e+03
  7.857441e-03   1.550494e+01   1.218292e-01  -1.018143e+03
  7.936409e-03   1.550005e+01   1.230147e-01  -1.008013e+03
  8.016171e-03   1.549510e+01   1.242114e-01  -9.979827e+02
  8.096735e-03   1.549011e+01   1.254193e-01  -9.880526e+02
  8.178109e-03   1.548507e+01   1.266386e-01  -9.782213e+02
  8.260300e-03   1.547998e+01   1.278693e-01  -9.684878e+02
  8.343317e-03   1.547484e+01   1.291115e-01  -9.588512e+02
  8.427169e-03   1.546965e+01   1.303654e-01  -9.493105e+02
  8.511864e-03   1.546441e+01   1.316310e-01  -9.398647e+02
  8.597409e-03   1.545912e+01   1.329084e-01  -9.305129e+02
  8.683815e-03   1.545378e+01   1.341977e-01  -9.212541e+02
  8.771089e-03   1.544838e+01   1.354991e-01  -9.120875e+02
  8.859239e-03   1.544294e+01   1.368127e-01  -9.030121e+02
  8.948276e-03   1.543744e+01   1.381385e-01  -8.940269e+02
  9.038208e-03   1.543189e+01   1.394766e-01  -8.851312e+02
  9.129043e-03   1.542628e+01   1.408272e-01  -8.763240e+02
  9.220792e-03   1.542062e+01   1.421903e-01  -8.676044e+02
  9.313462e-03   1.541490e+01   1.435661e-01  -8.589716e+02
  9.407064e-03   1.540913e+01   1.449547e-01  -8.504247e+02
  9.501607e-03   1.540331e+01   1.463562e-01  -8.419629e+02
  9.597100e-03   1.539743e+01   1.477706e-01  -8.335852e+02
  9.693552e-03   1.539149e+01   1.491982e-01  -8.252909e+02
  9.790974e-03   1.538549e+01   1.506389e-01  -8.170791e+02
  9.889375e-03   1.537943e+01   1.520930e-01  -8.089490e+02
  9.988765e-03   1.537332e+01   1.535605e-01  -8.008998e+02
  1.008915e-02   1.536715e+01   1.550415e-01  -7.929308e+02
  1.019055e-02   1.536092e+01   1.565362e-01  -7.850410e+02
  1.029297e-02   1.535463e+01   1.580447e-01  -7.772297e+02
  1.039641e-02   1.534827e+01   1.595670e-01  -7.694961e+02
  1.050090e-02   1.534186e+01   1.611033e-01  -7.618395e+02
  1.060644e-02   1.533539e+01   1.626538e-01  -7.542591e+02
  1.071303e-02   1.532885e+01   1.642184e-01  -7.467541e+02
  1.082070e-02   1.532225e+01   1.657974e-01  -7.393237e+02
  1.092945e-02   1.531558e+01   1.673909e-01  -7.319673e+02
  1.103929e-02   1.530886e+01   1.689989e-01  -7.246841e+02
  1.115024e-02   1.530206e+01   1.706217e-01  -7.174734e+02
  1.126230e-02   1.529521e+01   1.722592e-01  -7.103344e+02
  1.137549e-02   1.528828e+01   1.739117e-01  -7.032665e+02
  1.148981e-02   1.528129e+01   1.755792e-01  -6.962689e+02
  1.160529e-02   1.527424e+01   1.772619e-01  -6.893409e+02
  1.172192e-02   1.526711e+01   1.789599e-01  -6.824818e+02
  1.183973e-02   1.525992e+01   1.806734e-01  -6.756910e+02
  1.195872e-02   1.525266e+01   1.824023e-01  -6.689678e+02
  1.207891e-02   1.524533e+01   1.841469e-01  -6.623114e+02
  1.220030e-02   1.523793e+01   1.859073e-01  -6.557213e+02
  1.232292e-02   1.523046e+01   1.876837e-01  -6.491968e+02
  1.244677e-02   1.522291e+01   1.894760e-01  -6.427372e+02
  1.257186e-02   1.521530e+01   1.912846e-01  -6.363418e+02
  1.269821e-02   1.520761e+01   1.931094e-01  -6.300101e+02
  1.282583e-02   1.519985e+01   1.949506e-01  -6.237414e+02
  1.295473e-02   1.519201e+01   1.968084e-01  -6.175351e+02
  1.308493e-02   1.518410e+01   1.986829e-01  -6.113905e+02
  1.321643e-02   1.517612e+01   2.005741e-01  -6.053071e+02
  1.334926e-02   1.516806e+01   2.024823e-01  -5.992842e+02
  1.348342e-02   1.515992e+01   2.044076e-01  -5.933212e+02
  1.361893e-02   1.515170e+01   2.063500e-01  -5.874176e+02
  1.375581e-02   1.514341e+01   2.083098e-01  -5.815727e+02
  1.389405e-02   1.513504e+01   2.102870e-01  -5.757859e+02
  1.403369e-02   1.512659e+01   2.122819e-01  -5.700567e+02
  1.417473e-02   1.511806e+01   2.142944e-01  -5.643846e+02
  1.431719e-02   1.510944e+01   2.163248e-01  -5.587689e+02
  1.446108e-02   1.510075e+01   2.183732e-01  -5.532090e+02
  1.460642e-02   1.509197e+01   2.204397e-01  -5.477045e+02
  1.475321e-02   1.508311e+01   2.225244e-01  -5.422547e+02
  1.490149e-02   1.507417e+01   2.246276e-01  -5.368592e+02
  1.505125e-02   1.506514e+01   2.267492e-01  -5.315174e+02
  1.520252e-02   1.505603e+01   2.288896e-01  -5.262287e+02
  1.535530e-02   1.504683e+01   2.310487e-01  -5.209926e+02
  1.550963e-02   1.503755e+01   2.332267e-01  -5.158087e+02
  1.566550e-02   1.502817e+01   2.354239e-01  -5.106763e+02
  1.582294e-02   1.501871e+01   2.376402e-01  -5.055950e+02
  1.598197e-02   1.500916e+01   2.398759e-01  -5.005642e+02
  1.614259e-02   1.499952e+01   2.421311e-01  -4.955835e+02
  1.630482e-02   1.498979e+01   2.444059e-01  -4.906524e+02
  1.646869e-02   1.497997e+01   2.467005e-01  -4.857703e+02
  1.663420e-02   1.497006e+01   2.490149e-01  -4.809368e+02
  1.680138e-02   1.496005e+01   2.513494e-01  -4.761514e+02
  1.697023e-02   1.494995e+01   2.537041e-01  -4.714136e+02
  1.714079e-02   1.493975e+01   2.560791e-01  -4.667230e+02
  1.731306e-02   1.492946e+01   2.584746e-01  -4.620790e+02
  1.748706e-02   1.491907e+01   2.608907e-01  -4.574813e+02
  1.766280e-02   1.490859e+01   2.633275e-01  -4.529292e+02
  1.784032e-02   1.489801e+01   2.657852e-01  -4.484225e+02
  1.801962e-02   1.488733e+01   2.682639e-01  -4.439606e+02
  1.820072e-02   1.487655e+01   2.707638e-01  -4.395432e+02
  1.838364e-02   1.486566e+01   2.732850e-01  -4.351696e+02
  1.856839e-02   1.485468e+01   2.758276e-01  -4.308396e+02
  1.875501e-02   1.484360e+01   2.783918e-01  -4.265527e+02
  1.894350e-02   1.483241e+01   2.809778e-01  -4.223084e+02
  1.913389e-02   1.482112e+01   2.835856e-01  -4.181064e+02
  1.932619e-02   1.480972e+01   2.862155e-01  -4.139462e+02
  1.952042e-02   1.479822e+01   2.888675e-01  -4.098273e+02
  1.971660e-02   1.478661e+01   2.915418e-01  -4.057495e+02
  1.991476e-02   1.477490e+01   2.942385e-01  -4.017122e+02
  2.011490e-02   1.476307e+01   2.969578e-01  -3.977151e+02
  2.031706e-02   1.475114e+01   2.996998e-01  -3.937578e+02
  2.052125e-02   1.473910e+01   3.024647e-01  -3.898398e+02
  2.072749e-02   1.472694e+01   3.052526e-01  -3.859608e+02
  2.093581e-02   1.471468e+01   3.080636e-01  -3.821205e+02
  2.114621e-02   1.470230e+01   3.108980e-01  -3.783183e+02
  2.135874e-02   1.468981e+01   3.137557e-01  -3.745540e+02
  2.157340e-02   1.467720e+01   3.166370e-01  -3.708271e+02
  2.179021e-02   1.466447e+01   3.195420e-01  -3.671373e+02
  2.200921e-02   1.465163e+01   3.224709e-01  -3.634842e+02
  2.223040e-02   1.463868e+01   3.254237e-01  -3.598675e+02
  2.245382e-02   1.462560e+01   3.284006e-01  -3.562868e+02
  2.267949e-02   1.461240e+01   3.314019e-01  -3.527416e+02
  2.290742e-02   1.459909e+01   3.344274e-01  -3.492318e+02
  2.313764e-02   1.458565e+01   3.374776e-01  -3.457569e+02
  2.337018e-02   1.457209e+01   3.405524e-01  -3.423166e+02
  2.360506e-02   1.455841e+01   3.436520e-01  -3.389104e+02
  2.384229e-02   1.454460e+01   3.467765e-01  -3.355382e+02
  2.408191e-02   1.453066e+01   3.499261e-01  -3.321996e+02
  2.432394e-02   1.451660e+01   3.531009e-01  -3.288941e+02
  2.456840e-02   1.450241e+01   3.563011e-01  -3.256216e+02
  2.481531e-02   1.448810e+01   3.595267e-01  -3.223816e+02
  2.506471e-02   1.447365e+01   3.627779e-01  -3.191738e+02
  2.531662e-02   1.445908e+01   3.660548e-01  -3.159980e+02
  2.557105e-02   1.444437e+01   3.693577e-01  -3.128538e+02
  2.582805e-02   1.442953e+01   3.726865e-01  -3.097408e+02
  2.608762e-02   1.441455e+01   3.760414e-01  -3.066589e+02
  2.634981e-02   1.439944e+01   3.794225e-01  -3.036075e+02
  2.661463e-02   1.438420e+01   3.828300e-01  -3.005866e+02
  2.688211e-02   1.436882e+01   3.862641e-01  -2.975957e+02
  2.715228e-02   1.435330e+01   3.897247e-01  -2.946346e+02
  2.742516e-02   1.433764e+01   3.932120e-01  -2.917029e+02
  2.770079e-02   1.432184e+01   3.967262e-01  -2.888004e+02
  2.797919e-02   1.430590e+01   4.002674e-01  -2.859268e+02
  2.826038e-02   1.428982e+01   4.038357e-01  -2.830818e+02
  2.854440e-02   1.427359e+01   4.074312e-01  -2.802651e+02
  2.883128e-02   1.425722e+01   4.110540e-01  -2.774764e+02
  2.912104e-02   1.424071e+01   4.147042e-01  -2.747155e+02
  2.941371e-02   1.422405e+01   4.183820e-01  -2.719820e+02
  2.970932e-02   1.420724e+01   4.220874e-01  -2.692757e+02
  3.000791e-02   1.419028e+01   4.258205e-01  -2.665964e+02
  3.030949e-02   1.417317e+01   4.295816e-01  -2.639437e+02
  3.061411e-02   1.415591e+01   4.333706e-01  -2.613174e+02
  3.092178e-02   1.413850e+01   4.371876e-01  -2.587173e+02
  3.123255e-02   1.412094e+01   4.410329e-01  -2.561430e+02
  3.154645e-02   1.410322e+01   4.449064e-01  -2.535943e+02
  3.186349e-02   1.408534e+01   4.488082e-01  -2.510710e+02
  3.218373e-02   1.406731e+01   4.527385e-01  -2.485728e+02
  3.250718e-02   1.404912e+01   4.566974e-01  -2.460995e+02
  3.283388e-02   1.403078e+01   4.606848e-01  -2.436508e+02
  3.316387e-02   1.401227e+01   4.647010e-01  -2.412264e+02
  3.349717e-02   1.399360e+01   4.687460e-01  -2.388262e+02
  3.383382e-02   1.397477e+01   4.728198e-01  -2.364498e+02
  3.417386e-02   1.395577e+01   4.769226e-01  -2.340971e+02
  3.451731e-02   1.393661e+01   4.810544e-01  -2.317678e+02
  3.486421e-02   1.391729e+01   4.852153e-01  -2.294616e+02
  3.521461e-02   1.389780e+01   4.894054e-01  -2.271785e+02
  3.556852e-02   1.387814e+01   4.936247e-01  -2.249180e+02
  3.592599e-02   1.385831e+01   4.978733e-01  -2.226800e+02
  3.628705e-02   1.383831e+01   5.021513e-01  -2.204643e+02
  3.665174e-02   1.381813e+01   5.064586e-01  -2.182707e+02
  3.702010e-02   1.379779e+01   5.107955e-01  -2.160988e+02
  3.739215e-02   1.377727e+01   5.151618e-01  -2.139486e+02
  3.776795e-02   1.375658e+01   5.195577e-01  -2.118198e+02
  3.814753e-02   1.373570e+01   5.239832e-01  -2.097122e+02
  3.853092e-02   1.371466e+01   5.284383e-01  -2.076255e+02
  3.891816e-02   1.369343e+01   5.329230e-01  -2.055596e+02
  3.930929e-02   1.367202e+01   5.374375e-01  -2.035142e+02
  3.970436e-02   1.365043e+01   5.419817e-01  -2.014892e+02
  4.010339e-02   1.362866e+01   5.465556e-01  -1.994844e+02
  4.050644e-02   1.360671e+01   5.511593e-01  -1.974995e+02
  4.091353e-02   1.358457e+01   5.557928e-01  -1.955343e+02
  4.132472e-02   1.356225e+01   5.604560e-01  -1.935887e+02
  4.174004e-02   1.353973e+01   5.651490e-01  -1.916625e+02
  4.215954e-02   1.351703e+01   5.698718e-01  -1.897554e+02
  4.258325e-02   1.349414e+01   5.746244e-01  -1.878673e+02
  4.301122e-02   1.347106e+01   5.794068e-01  -1.859980e+02
  4.344349e-02   1.344779e+01   5.842189e-01  -1.841473e+02
  4.388010e-02   1.342432e+01   5.890607e-01  -1.823150e+02
  4.432110e-02   1.340066e+01   5.939322e-01  -1.805009e+02
  4.476654e-02   1.337681e+01   5.988334e-01  -1.787049e+02
  4.521645e-02   1.335276e+01   6.037643e-01  -1.769268e+02
  4.567088e-02   1.332851e+01   6.087247e-01  -1.751663e+02
  4.612988e-02   1.330406e+01   6.137147e-01  -1.734234e+02
  4.659349e-02   1.327941e+01   6.187341e-01  -1.716978e+02
  4.706177e-02   1.325456e+01   6.237830e-01  -1.699894e+02
  4.753475e-02   1.322951e+01   6.288613e-01  -1.682979e+02
  4.801248e-02   1.320425e+01   6.339688e-01  -1.666234e+02
  4.849501e-02   1.317879e+01   6.391055e-01  -1.649654e+02
  4.898239e-02   1.315312e+01   6.442714e-01  -1.633240e+02
  4.947467e-02   1.312725e+01   6.494663e-01  -1.616989e+02
  4.997190e-02   1.310116e+01   6.546901e-01  -1.600900e+02
  5.047413e-02   1.307487e+01   6.599428e-01  -1.584970e+02
  5.098140e-02   1.304837e+01   6.652241e-01  -1.569200e+02
  5.149377e-02   1.302165e+01   6.705341e-01  -1.553586e+02
  5.201130e-02   1.299473e+01   6.758725e-01  -1.538127e+02
  5.253402e-02   1.296758e+01   6.812393e-01  -1.522823e+02
  5.306199e-02   1.294023e+01   6.866342e-01  -1.507670e+02
  5.359528e-02   1.291265e+01   6.920572e-01  -1.492669e+02
  5.413392e-02   1.288486e+01   6.975080e-01  -1.477817e+02
  5.467797e-02   1.285685e+01   7.029865e-01  -1.463112e+02
  5.522749e-02   1.282862e+01   7.084926e-01  -1.448554e+02
  5.578254e-02   1.280017e+01   7.140261e-01  -1.434141e+02
  5.634316e-02   1.277150e+01   7.195867e-01  -1.419871e+02
  5.690942e-02   1.274260e+01   7.251742e-01  -1.405743e+02
  5.748137e-02   1.271348e+01   7.307885e-01  -1.391755e+02
  5.805907e-02   1.268414e+01   7.364294e-01  -1.377907e+02
  5.864257e-02   1.265457e+01   7.420965e-01  -1.364197e+02
  5.923194e-02   1.262477e+01   7.477898e-01  -1.350623e+02
  5.982723e-02   1.259475e+01   7.535088e-01  -1.337184e+02
  6.042850e-02   1.256449e+01   7.592534e-01  -1.323879e+02
  6.103582e-02   1.253401e+01   7.650234e-01  -1.310706e+02
  6.164924e-02   1.250329e+01   7.708183e-01  -1.297664e+02
  6.226883e-02   1.247234e+01   7.766380e-01  -1.284752e+02
  6.289464e-02   1.244116e+01   7.824821e-01  -1.271969e+02
  6.352674e-02   1.240974e+01   7.883504e-01  -1.259312e+02
  6.416519e-02   1.237809e+01   7.942425e-01  -1.246782e+02
  6.481007e-02   1.234620e+01   8.001581e-01  -1.234376e+02
  6.546142e-02   1.231408e+01   8.060969e-01  -1.222094e+02
  6.611932e-02   1.228171e+01   8.120585e-01  -1.209934e+02
  6.678383e-02   1.224911e+01   8.180425e-01  -1.197895e+02
  6.745501e-02   1.221627e+01   8.240487e-01  -1.185976e+02
  6.813295e-02   1.218319e+01   8.300765e-01  -1.174175e+02
  6.881770e-02   1.214986e+01   8.361256e-01  -1.162492e+02
  6.950933e-02   1.211630e+01   8.421956e-01  -1.150925e+02
  7.020791e-02   1.208249e+01   8.482861e-01  -1.139473e+02
  7.091351e-02   1.204843e+01   8.543967e-01  -1.128135e+02
  7.162620e-02   1.201414e+01   8.605269e-01  -1.116910e+02
  7.234605e-02   1.197959e+01   8.666762e-01  -1.105796e+02
  7.307314e-02   1.194480e+01   8.728442e-01  -1.094793e+02
  7.380754e-02   1.190976e+01   8.790304e-01  -1.083900e+02
  7.454932e-02   1.187448e+01   8.852343e-01  -1.073115e+02
  7.529855e-02   1.183894e+01   8.914554e-01  -1.062437e+02
  7.605532e-02   1.180316e+01   8.976932e-01  -1.051866e+02
  7.681968e-02   1.176713e+01   9.039472e-01  -1.041400e+02
  7.759174e-02   1.173085e+01   9.102167e-01  -1.031038e+02
  7.837155e-02   1.169431e+01   9.165013e-01  -1.020779e+02
  7.915919e-02   1.165753e+01   9.228003e-01  -1.010622e+02
  7.995476e-02   1.162049e+01   9.291132e-01  -1.000566e+02
  8.075831e-02   1.158320e+01   9.354394e-01  -9.906101e+01
  8.156995e-02   1.154565e+01   9.417783e-01  -9.807533e+01
  8.238974e-02   1.150785e+01   9.481291e-01  -9.709947e+01
  8.321777e-02   1.146980e+01   9.544913e-01  -9.613331e+01
  8.405412e-02   1.143149e+01   9.608643e-01  -9.517677e+01
  8.489888e-02   1.139293e+01   9.672472e-01  -9.422975e+01
  8.575213e-02   1.135411e+01   9.736395e-01  -9.329214e+01
  8.661395e-02   1.131504e+01   9.800404e-01  -9.236387e+01
  8.748444e-02   1.127571e+01   9.864493e-01  -9.144484e+01
  8.836367e-02   1.123613e+01   9.928653e-01  -9.053494e+01
  8.925174e-02   1.119628e+01   9.992877e-01  -8.963411e+01
  9.014874e-02   1.115618e+01   1.005716e+00  -8.874223e+01
  9.105474e-02   1.111582e+01   1.012149e+00  -8.785923e+01
  9.196986e-02   1.107521e+01   1.018586e+00  -8.698502e+01
  9.289417e-02   1.103434e+01   1.025026e+00  -8.611950e+01
  9.382777e-02   1.099321e+01   1.031468e+00  -8.526260e+01
  9.477076e-02   1.095182e+01   1.037912e+00  -8.441422e+01
  9.572322e-02   1.091017e+01   1.044357e+00  -8.357429e+01
  9.668526e-02   1.086827e+01   1.050802e+00  -8.274271e+01
  9.765696e-02   1.082611e+01   1.057245e+00  -8.191941e+01
  9.863843e-02   1.078369e+01   1.063686e+00  -8.110429e+01
  9.962976e-02   1.074102e+01   1.070125e+00  -8.029729e+01
  1.006311e-01   1.069808e+01   1.076559e+00  -7.949832e+01
  1.016424e-01   1.065489e+01   1.082989e+00  -7.870730e+01
  1.026639e-01   1.061144e+01   1.089413e+00  -7.792415e+01
  1.036957e-01   1.056774e+01   1.095829e+00  -7.714879e+01
  1.047379e-01   1.052378e+01   1.102238e+00  -7.638115e+01
  1.057905e-01   1.047956e+01   1.108638e+00  -7.562114e+01
  1.068537e-01   1.043509e+01   1.115028e+00  -7.486870e+01
  1.079276e-01   1.039036e+01   1.121407e+00  -7.412374e+01
  1.090123e-01   1.034537e+01   1.127773e+00  -7.338620e+01
  1.101079e-01   1.030014e+01   1.134126e+00  -7.265599e+01
  1.112145e-01   1.025464e+01   1.140465e+00  -7.193306e+01
  1.123322e-01   1.020890e+01   1.146788e+00  -7.121731e+01
  1.134612e-01   1.016290e+01   1.153095e+00  -7.050869e+01
  1.146015e-01   1.011665e+01   1.159383e+00  -6.980711e+01
  1.157533e-01   1.007015e+01   1.165653e+00  -6.911252e+01
  1.169166e-01   1.002340e+01   1.171902e+00  -6.842484e+01
  1.180916e-01   9.976399e+00   1.178129e+00  -6.774400e+01
  1.192785e-01   9.929149e+00   1.184334e+00  -6.706994e+01
  1.204772e-01   9.881652e+00   1.190514e+00  -6.640258e+01
  1.216881e-01   9.833909e+00   1.196669e+00  -6.574186e+01
  1.229110e-01   9.785919e+00   1.202798e+00  -6.508772e+01
  1.241463e-01   9.737685e+00   1.208898e+00  -6.444009e+01
  1.253940e-01   9.689208e+00   1.214969e+00  -6.379890e+01
  1.266542e-01   9.640488e+00   1.221009e+00  -6.316409e+01
  1.279271e-01   9.591527e+00   1.227017e+00  -6.253559e+01
  1.292128e-01   9.542327e+00   1.232991e+00  -6.191335e+01
  1.305114e-01   9.492889e+00   1.238931e+00  -6.129731e+01
  1.318231e-01   9.443213e+00   1.244834e+00  -6.068739e+01
  1.331480e-01   9.393302e+00   1.250699e+00  -6.008354e+01
  1.344861e-01   9.343158e+00   1.256525e+00  -5.948570e+01
  1.358377e-01   9.292781e+00   1.262310e+00  -5.889380e+01
  1.372029e-01   9.242174e+00   1.268053e+00  -5.830780e+01
  1.385818e-01   9.191337e+00   1.273752e+00  -5.772763e+01
  1.399746e-01   9.140274e+00   1.279406e+00  -5.715323e+01
  1.413814e-01   9.088985e+00   1.285013e+00  -5.658455e+01
  1.428023e-01   9.037474e+00   1.290572e+00  -5.602152e+01
  1.442375e-01   8.985740e+00   1.296080e+00  -5.546410e+01
  1.456871e-01   8.933788e+00   1.301537e+00  -5.491222e+01
  1.471512e-01   8.881618e+00   1.306941e+00  -5.436583e+01
  1.486301e-01   8.829233e+00   1.312290e+00  -5.382488e+01
  1.501239e-01   8.776636e+00   1.317583e+00  -5.328932e+01
  1.516327e-01   8.723827e+00   1.322817e+00  -5.275908e+01
  1.531566e-01   8.670811e+00   1.327992e+00  -5.223412e+01
  1.546958e-01   8.617589e+00   1.333105e+00  -5.171438e+01
  1.562506e-01   8.564163e+00   1.338155e+00  -5.119981e+01
  1.578209e-01   8.510537e+00   1.343141e+00  -5.069037e+01
  1.594070e-01   8.456713e+00   1.348060e+00  -5.018599e+01
  1.610091e-01   8.402693e+00   1.352910e+00  -4.968663e+01
  1.626273e-01   8.348481e+00   1.357691e+00  -4.919224e+01
  1.642617e-01   8.294079e+00   1.362400e+00  -4.870277e+01
  1.659126e-01   8.239490e+00   1.367035e+00  -4.821817e+01
  1.675800e-01   8.184717e+00   1.371595e+00  -4.773839e+01
  1.692642e-01   8.129764e+00   1.376078e+00  -4.726339e+01
  1.709654e-01   8.074632e+00   1.380482e+00  -4.679311e+01
  1.726836e-01   8.019326e+00   1.384806e+00  -4.632751e+01
  1.744191e-01   7.963849e+00   1.389047e+00  -4.586654e+01
  1.761720e-01   7.908203e+00   1.393204e+00  -4.541016e+01
  1.779426e-01   7.852394e+00   1.397275e+00  -4.495832e+01
  1.797309e-01   7.796423e+00   1.401258e+00  -4.451098e+01
  1.815373e-01   7.740294e+00   1.405152e+00  -4.406809e+01
  1.833617e-01   7.684012e+00   1.408954e+00  -4.362960e+01
  1.852046e-01   7.627579e+00   1.412662e+00  -4.319548e+01
  1.870659e-01   7.571000e+00   1.416276e+00  -4.276568e+01
  1.889459e-01   7.514278e+00   1.419792e+00  -4.234015e+01
  1.908449e-01   7.457418e+00   1.423210e+00  -4.191886e+01
  1.927629e-01   7.400423e+00   1.426527e+00  -4.150176e+01
  1.947002e-01   7.343297e+00   1.429741e+00  -4.108881e+01
  1.966570e-01   7.286045e+00   1.432851e+00  -4.067997e+01
  1.986334e-01   7.228670e+00   1.435855e+00  -4.027520e+01
  2.006297e-01   7.171178e+00   1.438751e+00  -3.987446e+01
  2.026461e-01   7.113572e+00   1.441537e+00  -3.947770e+01
  2.046827e-01   7.055856e+00   1.444212e+00  -3.908489e+01
  2.067398e-01   6.998036e+00   1.446773e+00  -3.869599e+01
  2.088176e-01   6.940116e+00   1.449218e+00  -3.831096e+01
  2.109162e-01   6.882100e+00   1.451547e+00  -3.792976e+01
  2.130359e-01   6.823994e+00   1.453756e+00  -3.755235e+01
  2.151770e-01   6.765802e+00   1.455845e+00  -3.717870e+01
  2.173396e-01   6.707528e+00   1.457811e+00  -3.680876e+01
  2.195239e-01   6.649178e+00   1.459653e+00  -3.644251e+01
  2.217301e-01   6.590757e+00   1.461369e+00  -3.607990e+01
  2.239585e-01   6.532271e+00   1.462958e+00  -3.572090e+01
  2.262094e-01   6.473723e+00   1.464417e+00  -3.536547e+01
  2.284828e-01   6.415119e+00   1.465744e+00  -3.501358e+01
  2.307791e-01   6.356465e+00   1.466939e+00  -3.466519e+01
  2.330985e-01   6.297766e+00   1.467999e+00  -3.432026e+01
  2.354411e-01   6.239027e+00   1.468924e+00  -3.397877e+01
  2.378074e-01   6.180254e+00   1.469710e+00  -3.364068e+01
  2.401974e-01   6.121452e+00   1.470357e+00  -3.330594e+01
  2.426114e-01   6.062627e+00   1.470862e+00  -3.297455e+01
  2.450497e-01   6.003785e+00   1.471225e+00  -3.264644e+01
  2.475125e-01   5.944931e+00   1.471444e+00  -3.232161e+01
  2.500000e-01   5.886071e+00   1.471518e+00  -3.200000e+01
  2.525125e-01   5.827211e+00   1.471444e+00  -3.168159e+01
  2.550503e-01   5.768358e+00   1.471222e+00  -3.136636e+01
  2.576136e-01   5.709516e+00   1.470849e+00  -3.105426e+01
  2.602027e-01   5.650692e+00   1.470325e+00  -3.074526e+01
  2.628178e-01   5.591892e+00   1.469649e+00  -3.043934e+01
  2.654591e-01   5.533122e+00   1.468818e+00  -3.013647e+01
  2.681270e-01   5.474388e+00   1.467832e+00  -2.983660e+01
  2.708218e-01   5.415697e+00   1.466689e+00  -2.953972e+01
  2.735436e-01   5.357055e+00   1.465388e+00  -2.924580e+01
  2.762927e-01   5.298468e+00   1.463928e+00  -2.895480e+01
  2.790695e-01   5.239943e+00   1.462308e+00  -2.866669e+01
  2.818742e-01   5.181486e+00   1.460527e+00  -2.838145e+01
  2.847071e-01   5.123103e+00   1.458584e+00  -2.809905e+01
  2.875684e-01   5.064801e+00   1.456477e+00  -2.781946e+01
  2.904586e-01   5.006587e+00   1.454206e+00  -2.754266e+01
  2.933777e-01   4.948467e+00   1.451770e+00  -2.726860e+01
  2.963262e-01   4.890448e+00   1.449168e+00  -2.699727e+01
  2.993043e-01   4.832536e+00   1.446399e+00  -2.672865e+01
  3.023124e-01   4.774738e+00   1.443463e+00  -2.646269e+01
  3.053507e-01   4.717061e+00   1.440358e+00  -2.619938e+01
  3.084195e-01   4.659512e+00   1.437084e+00  -2.593870e+01
  3.115192e-01   4.602097e+00   1.433641e+00  -2.568060e+01
  3.146500e-01   4.544823e+00   1.430028e+00  -2.542508e+01
  3.178123e-01   4.487697e+00   1.426245e+00  -2.517209e+01
  3.210064e-01   4.430725e+00   1.422291e+00  -2.492163e+01
  3.242325e-01   4.373916e+00   1.418166e+00  -2.467365e+01
  3.274911e-01   4.317274e+00   1.413869e+00  -2.442814e+01
  3.307825e-01   4.260808e+00   1.409401e+00  -2.418508e+01
  3.341069e-01   4.204525e+00   1.404761e+00  -2.394443e+01
  3.374647e-01   4.148430e+00   1.399949e+00  -2.370618e+01
  3.408563e-01   4.092531e+00   1.394965e+00  -2.347030e+01
  3.442819e-01   4.036835e+00   1.389809e+00  -2.323677e+01
  3.477420e-01   3.981349e+00   1.384482e+00  -2.300556e+01
  3.512369e-01   3.926079e+00   1.378984e+00  -2.277665e+01
  3.547669e-01   3.871032e+00   1.373314e+00  -2.255002e+01
  3.583324e-01   3.816216e+00   1.367474e+00  -2.232564e+01
  3.619337e-01   3.761637e+00   1.361463e+00  -2.210350e+01
  3.655711e-01   3.707301e+00   1.355282e+00  -2.188357e+01
  3.692452e-01   3.653216e+00   1.348933e+00  -2.166582e+01
  3.729562e-01   3.599389e+00   1.342414e+00  -2.145024e+01
  3.767044e-01   3.545825e+00   1.335728e+00  -2.123681e+01
  3.804904e-01   3.492533e+00   1.328875e+00  -2.102550e+01
  3.843144e-01   3.439517e+00   1.321856e+00  -2.081629e+01
  3.881768e-01   3.386786e+00   1.314672e+00  -2.060917e+01
  3.920780e-01   3.334346e+00   1.307324e+00  -2.040410e+01
  3.960185e-01   3.282203e+00   1.299813e+00  -2.020108e+01
  3.999985e-01   3.230363e+00   1.292141e+00  -2.000007e+01
  4.040186e-01   3.178834e+00   1.284308e+00  -1.980107e+01
  4.080791e-01   3.127621e+00   1.276316e+00  -1.960404e+01
  4.121803e-01   3.076730e+00   1.268168e+00  -1.940898e+01
  4.163228e-01   3.026169e+00   1.259863e+00  -1.921586e+01
  4.205069e-01   2.975943e+00   1.251405e+00  -1.902466e+01
  4.247331e-01   2.926059e+00   1.242794e+00  -1.883536e+01
  4.290017e-01   2.876522e+00   1.234033e+00  -1.864794e+01
  4.333133e-01   2.827338e+00   1.225123e+00  -1.846239e+01
  4.376681e-01   2.778514e+00   1.216067e+00  -1.827869e+01
  4.420668e-01   2.730055e+00   1.206866e+00  -1.809681e+01
  4.465096e-01   2.681966e+00   1.197524e+00  -1.791675e+01
  4.509971e-01   2.634255e+00   1.188041e+00  -1.773847e+01
  4.555297e-01   2.586925e+00   1.178421e+00  -1.756197e+01
  4.601078e-01   2.539983e+00   1.168666e+00  -1.738723e+01
  4.647320e-01   2.493434e+00   1.158778e+00  -1.721422e+01
  4.694026e-01   2.447282e+00   1.148761e+00  -1.704294e+01
  4.741202e-01   2.401534e+00   1.138616e+00  -1.687336e+01
  4.788852e-01   2.356195e+00   1.128347e+00  -1.670546e+01
  4.836981e-01   2.311268e+00   1.117956e+00  -1.653924e+01
  4.885593e-01   2.266760e+00   1.107447e+00  -1.637467e+01
  4.934694e-01   2.222674e+00   1.096822e+00  -1.621174e+01
  4.984289e-01   2.179016e+00   1.086084e+00  -1.605043e+01
  5.034382e-01   2.135789e+00   1.075238e+00  -1.589073e+01
  5.084978e-01   2.092998e+00   1.064285e+00  -1.573261e+01
  5.136083e-01   2.050647e+00   1.053229e+00  -1.557607e+01
  5.187702e-01   2.008741e+00   1.042075e+00  -1.542109e+01
  5.239839e-01   1.967283e+00   1.030824e+00  -1.526765e+01
  5.292500e-01   1.926276e+00   1.019482e+00  -1.511573e+01
  5.345691e-01   1.885725e+00   1.008050e+00  -1.496533e+01
  5.399416e-01   1.845633e+00   9.965341e-01  -1.481642e+01
  5.453681e-01   1.806004e+00   9.849367e-01  -1.466899e+01
  5.508491e-01   1.766839e+00   9.732619e-01  -1.452303e+01
  5.563852e-01   1.728144e+00   9.615136e-01  -1.437853e+01
  5.619770e-01   1.689919e+00   9.496957e-01  -1.423546e+01
  5.676250e-01   1.652169e+00   9.378123e-01  -1.409381e+01
  5.733297e-01   1.614895e+00   9.258673e-01  -1.395358e+01
  5.790917e-01   1.578100e+00   9.138648e-01  -1.381474e+01
  5.849117e-01   1.541787e+00   9.018090e-01  -1.367728e+01
  5.907902e-01   1.505956e+00   8.897041e-01  -1.354119e+01
  5.967277e-01   1.470611e+00   8.775543e-01  -1.340645e+01
  6.027249e-01   1.435752e+00   8.653637e-01  -1.327305e+01
  6.087824e-01   1.401382e+00   8.531369e-01  -1.314098e+01
  6.149008e-01   1.367502e+00   8.408780e-01  -1.301023e+01
  6.210806e-01   1.334112e+00   8.285914e-01  -1.288078e+01
  6.273226e-01   1.301215e+00   8.162815e-01  -1.275261e+01
  6.336273e-01   1.268810e+00   8.039527e-01  -1.262572e+01
  6.399954e-01   1.236899e+00   7.916095e-01  -1.250009e+01
  6.464274e-01   1.205481e+00   7.792563e-01  -1.237571e+01
  6.529241e-01   1.174558e+00   7.668975e-01  -1.225257e+01
  6.594861e-01   1.144130e+00   7.545377e-01  -1.213066e+01
  6.661141e-01   1.114195e+00   7.421812e-01  -1.200996e+01
  6.728086e-01   1.084755e+00   7.298326e-01  -1.189045e+01
  6.795705e-01   1.055809e+00   7.174963e-01  -1.177214e+01
  6.864003e-01   1.027355e+00   7.051769e-01  -1.165501e+01
  6.932987e-01   9.993941e-01   6.928786e-01  -1.153904e+01
  7.002665e-01   9.719245e-01   6.806062e-01  -1.142422e+01
  7.073043e-01   9.449452e-01   6.683638e-01  -1.131055e+01
  7.144128e-01   9.184550e-01   6.561560e-01  -1.119801e+01
  7.215927e-01   8.924523e-01   6.439871e-01  -1.108659e+01
  7.288449e-01   8.669354e-01   6.318614e-01  -1.097627e+01
  7.361699e-01   8.419027e-01   6.197834e-01  -1.086706e+01
  7.435685e-01   8.173521e-01   6.077573e-01  -1.075893e+01
  7.510415e-01   7.932814e-01   5.957872e-01  -1.065187e+01
  7.585896e-01   7.696883e-01   5.838775e-01  -1.054589e+01
  7.662136e-01   7.465703e-01   5.720323e-01  -1.044095e+01
  7.739141e-01   7.239248e-01   5.602556e-01  -1.033706e+01
  7.816921e-01   7.017489e-01   5.485516e-01  -1.023421e+01
  7.895482e-01   6.800396e-01   5.369241e-01  -1.013238e+01
  7.974833e-01   6.587939e-01   5.253771e-01  -1.003156e+01
  8.054982e-01   6.380083e-01   5.139145e-01  -9.931742e+00
  8.135936e-01   6.176796e-01   5.025401e-01  -9.832920e+00
  8.217703e-01   5.978039e-01   4.912575e-01  -9.735080e+00
  8.300292e-01   5.783777e-01   4.800704e-01  -9.638215e+00
  8.383712e-01   5.593970e-01   4.689823e-01  -9.542313e+00
  8.467969e-01   5.408577e-01   4.579967e-01  -9.447365e+00
  8.553074e-01   5.227558e-01   4.471169e-01  -9.353362e+00
  8.639034e-01   5.050869e-01   4.363463e-01  -9.260295e+00
  8.725857e-01   4.878466e-01   4.256880e-01  -9.168153e+00
  8.813554e-01   4.710303e-01   4.151451e-01  -9.076929e+00
  8.902131e-01   4.546334e-01   4.047207e-01  -8.986612e+00
  8.991599e-01   4.386511e-01   3.944175e-01  -8.897194e+00
  9.081966e-01   4.230784e-01   3.842384e-01  -8.808665e+00
  9.173242e-01   4.079103e-01   3.741860e-01  -8.721017e+00
  9.265434e-01   3.931418e-01   3.642629e-01  -8.634242e+00
  9.358553e-01   3.787675e-01   3.544716e-01  -8.548330e+00
  9.452608e-01   3.647823e-01   3.448144e-01  -8.463272e+00
  9.547609e-01   3.511806e-01   3.352935e-01  -8.379061e+00
  9.643564e-01   3.379569e-01   3.259109e-01  -8.295688e+00
  9.740483e-01   3.251058e-01   3.166688e-01  -8.213145e+00
  9.838377e-01   3.126215e-01   3.075688e-01  -8.131423e+00
  9.937254e-01   3.004984e-01   2.986129e-01  -8.050514e+00
  1.003713e+00   2.887306e-01   2.898025e-01  -7.970410e+00
  1.013800e+00   2.773122e-01   2.811391e-01  -7.891103e+00
  1.023989e+00   2.662375e-01   2.726242e-01  -7.812585e+00
  1.034280e+00   2.555003e-01   2.642589e-01  -7.734849e+00
  1.044675e+00   2.450947e-01   2.560443e-01  -7.657886e+00
  1.055174e+00   2.350147e-01   2.479814e-01  -7.581688e+00
  1.065779e+00   2.252542e-01   2.400711e-01  -7.506249e+00
  1.076490e+00   2.158070e-01   2.323140e-01  -7.431561e+00
  1.087309e+00   2.066670e-01   2.247109e-01  -7.357616e+00
  1.098236e+00   1.978281e-01   2.172620e-01  -7.284406e+00
  1.109274e+00   1.892840e-01   2.099678e-01  -7.211925e+00
  1.120422e+00   1.810286e-01   2.028285e-01  -7.140165e+00
  1.131683e+00   1.730556e-01   1.958441e-01  -7.069119e+00
  1.143056e+00   1.653590e-01   1.890146e-01  -6.998780e+00
  1.154544e+00   1.579324e-01   1.823400e-01  -6.929141e+00
  1.166148e+00   1.507697e-01   1.758198e-01  -6.860195e+00
  1.177868e+00   1.438648e-01   1.694537e-01  -6.791935e+00
  1.189705e+00   1.372114e-01   1.632411e-01  -6.724354e+00
  1.201662e+00   1.308034e-01   1.571815e-01  -6.657446e+00
  1.213739e+00   1.246348e-01   1.512742e-01  -6.591203e+00
  1.225937e+00   1.186995e-01   1.455181e-01  -6.525620e+00
  1.238258e+00   1.129914e-01   1.399125e-01  -6.460689e+00
  1.250703e+00   1.075045e-01   1.344562e-01  -6.396404e+00
  1.263273e+00   1.022329e-01   1.291480e-01  -6.332758e+00
  1.275969e+00   9.717071e-02   1.239868e-01  -6.269746e+00
  1.288792e+00   9.231203e-02   1.189710e-01  -6.207361e+00
  1.301745e+00   8.765110e-02   1.140994e-01  -6.145597e+00
  1.314828e+00   8.318218e-02   1.093702e-01  -6.084447e+00
  1.328042e+00   7.889960e-02   1.047820e-01  -6.023906e+00
  1.341389e+00   7.479777e-02   1.003329e-01  -5.963967e+00
  1.354870e+00   7.087114e-02   9.602119e-02  -5.904625e+00
  1.368487e+00   6.711426e-02   9.184499e-02  -5.845873e+00
  1.382240e+00   6.352176e-02   8.780234e-02  -5.787705e+00
  1.396132e+00   6.008832e-02   8.389124e-02  -5.730117e+00
  1.410163e+00   5.680873e-02   8.010960e-02  -5.673101e+00
  1.424336e+00   5.367786e-02   7.645530e-02  -5.616653e+00
  1.438651e+00   5.069064e-02   7.292613e-02  -5.560766e+00
  1.453109e+00   4.784213e-02   6.951984e-02  -5.505436e+00
  1.467713e+00   4.512745e-02   6.623416e-02  -5.450656e+00
  1.482464e+00   4.254182e-02   6.306672e-02  -5.396421e+00
  1.497363e+00   4.008056e-02   6.001516e-02  -5.342725e+00
  1.512412e+00   3.773909e-02   5.707705e-02  -5.289564e+00
  1.527612e+00   3.551292e-02   5.424996e-02  -5.236932e+00
  1.542965e+00   3.339765e-02   5.153139e-02  -5.184824e+00
  1.558472e+00   3.138899e-02   4.891886e-02  -5.133234e+00
  1.574135e+00   2.948276e-02   4.640983e-02  -5.082158e+00
  1.589955e+00   2.767486e-02   4.400178e-02  -5.031589e+00
  1.605934e+00   2.596131e-02   4.169215e-02  -4.981524e+00
  1.622074e+00   2.433821e-02   3.947838e-02  -4.931957e+00
  1.638376e+00   2.280179e-02   3.735791e-02  -4.882883e+00
  1.654842e+00   2.134837e-02   3.532818e-02  -4.834298e+00
  1.671474e+00   1.997436e-02   3.338662e-02  -4.786196e+00
  1.688272e+00   1.867630e-02   3.153067e-02  -4.738572e+00
  1.705240e+00   1.745080e-02   2.975780e-02  -4.691423e+00
  1.722378e+00   1.629460e-02   2.806545e-02  -4.644742e+00
  1.739688e+00   1.520452e-02   2.645112e-02  -4.598526e+00
  1.757172e+00   1.417750e-02   2.491231e-02  -4.552770e+00
  1.774832e+00   1.321057e-02   2.344653e-02  -4.507469e+00
  1.792669e+00   1.230084e-02   2.205134e-02  -4.462619e+00
  1.810686e+00   1.144555e-02   2.072429e-02  -4.418216e+00
  1.828883e+00   1.064202e-02   1.946301e-02  -4.374254e+00
  1.847264e+00   9.887664e-03   1.826513e-02  -4.330729e+00
  1.865829e+00   9.179995e-03   1.712830e-02  -4.287638e+00
  1.884581e+00   8.516616e-03   1.605025e-02  -4.244975e+00
  1.903522e+00   7.895221e-03   1.502872e-02  -4.202737e+00
  1.922652e+00   7.313594e-03   1.406150e-02  -4.160919e+00
  1.941975e+00   6.769606e-03   1.314641e-02  -4.119517e+00
  1.961492e+00   6.261215e-03   1.228133e-02  -4.078527e+00
  1.981206e+00   5.786461e-03   1.146417e-02  -4.037945e+00
  2.001117e+00   5.343469e-03   1.069291e-02  -3.997767e+00
  2.021229e+00   4.930443e-03   9.965553e-03  -3.957988e+00
  2.041542e+00   4.545665e-03   9.280169e-03  -3.918606e+00
  2.062060e+00   4.187495e-03   8.634867e-03  -3.879615e+00
  2.082784e+00   3.854366e-03   8.027813e-03  -3.841012e+00
  2.103717e+00   3.544784e-03   7.457221e-03  -3.802793e+00
  2.124859e+00   3.257325e-03   6.921358e-03  -3.764955e+00
  2.146215e+00   2.990635e-03   6.418544e-03  -3.727493e+00
  2.167784e+00   2.743423e-03   5.947149e-03  -3.690404e+00
  2.189571e+00   2.514465e-03   5.505599e-03  -3.653684e+00
  2.211577e+00   2.302597e-03   5.092370e-03  -3.617329e+00
  2.233803e+00   2.106717e-03   4.705992e-03  -3.581336e+00
  2.256253e+00   1.925779e-03   4.345045e-03  -3.545701e+00
  2.278929e+00   1.758793e-03   4.008164e-03  -3.510421e+00
  2.301833e+00   1.604822e-03   3.694033e-03  -3.475491e+00
  2.324967e+00   1.462984e-03   3.401388e-03  -3.440910e+00
  2.348333e+00   1.332441e-03   3.129015e-03  -3.406672e+00
  2.371934e+00   1.212408e-03   2.875751e-03  -3.372775e+00
  2.395772e+00   1.102141e-03   2.640479e-03  -3.339216e+00
  2.419850e+00   1.000944e-03   2.422134e-03  -3.305990e+00
  2.444170e+00   9.081585e-04   2.219694e-03  -3.273095e+00
  2.468734e+00   8.231691e-04   2.032186e-03  -3.240527e+00
  2.493546e+00   7.453969e-04   1.858681e-03  -3.208283e+00
  2.518606e+00   6.742997e-04   1.698295e-03  -3.176360e+00
  2.543919e+00   6.093696e-04   1.550187e-03  -3.144755e+00
  2.569485e+00   5.501317e-04   1.413555e-03  -3.113464e+00
  2.595309e+00   4.961423e-04   1.287643e-03  -3.082484e+00
  2.621392e+00   4.469870e-04   1.171728e-03  -3.051813e+00
  2.647738e+00   4.022798e-04   1.065131e-03  -3.021447e+00
  2.674348e+00   3.616609e-04   9.672071e-04  -2.991383e+00
  2.701226e+00   3.247957e-04   8.773465e-04  -2.961618e+00
  2.728373e+00   2.913733e-04   7.949752e-04  -2.932150e+00
  2.755794e+00   2.611051e-04   7.195518e-04  -2.902975e+00
  2.783490e+00   2.337233e-04   6.505667e-04  -2.874089e+00
  2.811465e+00   2.089803e-04   5.875407e-04  -2.845492e+00
  2.839721e+00   1.866466e-04   5.300243e-04  -2.817179e+00
  2.868260e+00   1.665105e-04   4.775955e-04  -2.789147e+00
  2.897087e+00   1.483764e-04   4.298594e-04  -2.761395e+00
  2.926203e+00   1.320641e-04   3.864465e-04  -2.733918e+00
  2.955612e+00   1.174077e-04   3.470115e-04  -2.706715e+00
  2.985316e+00   1.042545e-04   3.112326e-04  -2.679783e+00
  3.015319e+00   9.246434e-05   2.788095e-04  -2.653119e+00
  3.045623e+00   8.190870e-05   2.494631e-04  -2.626720e+00
  3.076233e+00   7.246974e-05   2.229338e-04  -2.600584e+00
  3.107149e+00   6.403966e-05   1.989808e-04  -2.574707e+00
  3.138377e+00   5.651991e-05   1.773808e-04  -2.549089e+00
  3.169918e+00   4.982058e-05   1.579271e-04  -2.523725e+00
  3.201776e+00   4.385968e-05   1.404289e-04  -2.498613e+00
  3.233954e+00   3.856256e-05   1.247096e-04  -2.473752e+00
  3.266456e+00   3.386137e-05   1.106067e-04  -2.449137e+00
  3.299285e+00   2.969447e-05   9.797052e-05  -2.424768e+00
  3.332443e+00   2.600601e-05   8.666353e-05  -2.400641e+00
  3.365935e+00   2.274536e-05   7.655938e-05  -2.376755e+00
  3.399763e+00   1.986676e-05   6.754229e-05  -2.353105e+00
  3.433931e+00   1.732890e-05   5.950624e-05  -2.329692e+00
  3.468442e+00   1.509448e-05   5.235434e-05  -2.306511e+00
  3.503301e+00   1.312994e-05   4.599814e-05  -2.283561e+00
  3.538510e+00   1.140510e-05   4.035704e-05  -2.260839e+00
  3.574072e+00   9.892826e-06   3.535768e-05  -2.238343e+00
  3.609992e+00   8.568817e-06   3.093336e-05  -2.216071e+00
  3.646273e+00   7.411298e-06   2.702362e-05  -2.194021e+00
  3.682919e+00   6.400800e-06   2.357363e-05  -2.172190e+00
  3.719933e+00   5.519941e-06   2.053381e-05  -2.150576e+00
  3.757319e+00   4.753225e-06   1.785938e-05  -2.129178e+00
  3.795081e+00   4.086858e-06   1.550996e-05  -2.107992e+00
  3.833222e+00   3.508581e-06   1.344917e-05  -2.087017e+00
  3.871746e+00   3.007513e-06   1.164433e-05  -2.066251e+00
  3.910658e+00   2.574014e-06   1.006609e-05  -2.045692e+00
  3.949961e+00   2.199556e-06   8.688160e-06  -2.025337e+00
  3.989659e+00   1.876605e-06   7.487014e-06  -2.005184e+00
  4.029755e+00   1.598519e-06   6.441640e-06  -1.985232e+00
  4.070255e+00   1.359448e-06   5.533299e-06  -1.965479e+00
  4.111162e+00   1.154251e-06   4.745312e-06  -1.945922e+00
  4.152480e+00   9.784163e-07   4.062854e-06  -1.926560e+00
  4.194213e+00   8.279914e-07   3.472772e-06  -1.907390e+00
  4.236365e+00   6.995187e-07   2.963417e-06  -1.888411e+00
  4.278941e+00   5.899794e-07   2.524487e-06  -1.869621e+00
  4.321945e+00   4.967422e-07   2.146893e-06  -1.851018e+00
  4.365382e+00   4.175173e-07   1.822623e-06  -1.832600e+00
  4.409255e+00   3.503157e-07   1.544631e-06  -1.814366e+00
  4.453568e+00   2.934125e-07   1.306733e-06  -1.796312e+00
  4.498327e+00   2.453150e-07   1.103507e-06  -1.778439e+00
  4.543536e+00   2.047331e-07   9.302122e-07  -1.760743e+00
  4.589200e+00   1.705543e-07   7.827078e-07  -1.743223e+00
  4.635322e+00   1.418209e-07   6.573853e-07  -1.725878e+00
  4.681908e+00   1.177097e-07   5.511060e-07  -1.708705e+00
  4.728962e+00   9.751493e-08   4.611444e-07  -1.691703e+00
  4.776488e+00   8.063219e-08   3.851387e-07  -1.674871e+00
  4.824493e+00   6.654508e-08   3.210463e-07  -1.658205e+00
  4.872980e+00   5.481323e-08   2.671038e-07  -1.641706e+00
  4.921954e+00   4.506178e-08   2.217920e-07  -1.625371e+00
  4.971421e+00   3.697227e-08   1.838047e-07  -1.609198e+00
  5.021384e+00   3.027474e-08   1.520211e-07  -1.593186e+00
  5.071850e+00   2.474072e-08   1.254812e-07  -1.577334e+00
  5.122823e+00   2.017730e-08   1.033647e-07  -1.561639e+00
  5.174308e+00   1.642192e-08   8.497207e-08  -1.546100e+00
  5.226311e+00   1.333785e-08   6.970776e-08  -1.530716e+00
  5.278836e+00   1.081036e-08   5.706609e-08  -1.515486e+00
  5.331889e+00   8.743332e-09   4.661848e-08  -1.500406e+00
  5.385476e+00   7.056474e-09   3.800247e-08  -1.485477e+00
  5.439601e+00   5.682807e-09   3.091220e-08  -1.470696e+00
  5.494269e+00   4.566601e-09   2.509014e-08  -1.456063e+00
  5.549488e+00   3.661583e-09   2.031991e-08  -1.441574e+00
  5.605261e+00   2.929412e-09   1.642012e-08  -1.427231e+00
  5.661595e+00   2.338398e-09   1.323906e-08  -1.413029e+00
  5.718495e+00   1.862399e-09   1.065012e-08  -1.398970e+00
  5.775967e+00   1.479905e-09   8.547880e-09  -1.385050e+00
  5.834016e+00   1.173252e-09   6.844770e-09  -1.371268e+00
  5.892649e+00   9.279729e-10   5.468219e-09  -1.357624e+00
  5.951871e+00   7.322437e-10   4.358220e-09  -1.344115e+00
  6.011688e+00   5.764239e-10   3.465281e-09  -1.330741e+00
  6.072107e+00   4.526724e-10   2.748675e-09  -1.317500e+00
  6.133133e+00   3.546265e-10   2.174971e-09  -1.304391e+00
  6.194772e+00   2.771359e-10   1.716794e-09  -1.291412e+00
  6.257030e+00   2.160421e-10   1.351782e-09  -1.278562e+00
  6.319914e+00   1.679952e-10   1.061715e-09  -1.265840e+00
  6.383430e+00   1.303039e-10   8.317859e-10  -1.253245e+00
  6.447585e+00   1.008113e-10   6.499892e-10  -1.240775e+00
  6.512384e+00   7.779302e-11   5.066180e-10  -1.228429e+00
  6.577835e+00   5.987435e-11   3.938436e-10  -1.216206e+00
  6.643943e+00   4.596193e-11   3.053684e-10  -1.204104e+00
  6.710716e+00   3.518856e-11   2.361404e-10  -1.192123e+00
  6.778160e+00   2.686822e-11   1.821171e-10  -1.180261e+00
  6.846281e+00   2.045968e-11   1.400727e-10  -1.168518e+00
  6.915088e+00   1.553708e-11   1.074402e-10  -1.156891e+00
  6.984585e+00   1.176626e-11   8.218245e-11  -1.145379e+00
  7.054782e+00   8.885752e-12   6.268704e-11  -1.133983e+00
  7.125683e+00   6.691514e-12   4.768161e-11  -1.122699e+00
  7.197298e+00   5.024775e-12   3.616480e-11  -1.111528e+00
  7.269632e+00   3.762344e-12   2.735086e-11  -1.100468e+00
  7.342693e+00   2.808908e-12   2.062495e-11  -1.089519e+00
  7.416488e+00   2.090936e-12   1.550740e-11  -1.078678e+00
  7.491025e+00   1.551871e-12   1.162511e-11  -1.067945e+00
  7.566311e+00   1.148336e-12   8.688670e-12  -1.057318e+00
  7.642354e+00   8.471652e-13   6.474336e-12  -1.046798e+00
  7.719161e+00   6.230736e-13   4.809605e-12  -1.036382e+00
  7.796740e+00   4.568457e-13   3.561907e-12  -1.026070e+00
  7.875098e+00   3.339222e-13   2.629670e-12  -1.015860e+00
  7.954244e+00   2.433060e-13   1.935315e-12  -1.005752e+00
  8.034186e+00   1.767171e-13   1.419778e-12  -9.957450e-01
  8.114931e+00   1.279406e-13   1.038229e-12  -9.858372e-01
  8.196487e+00   9.232692e-14   7.567564e-13  -9.760279e-01
  8.278863e+00   6.640861e-14   5.497877e-13  -9.663163e-01
  8.362067e+00   4.760823e-14   3.981032e-13  -9.567013e-01
  8.446107e+00   3.401629e-14   2.873053e-13  -9.471819e-01
  8.530992e+00   2.422281e-14   2.066446e-13  -9.377573e-01
  8.616730e+00   1.719016e-14   1.481230e-13  -9.284265e-01
  8.703329e+00   1.215733e-14   1.058093e-13  -9.191885e-01
  8.790799e+00   8.568100e-15   7.532045e-14  -9.100424e-01
  8.879148e+00   6.017326e-15   5.342873e-14  -9.009873e-01
  8.968385e+00   4.210947e-15   3.776540e-14  -8.920223e-01
  9.058519e+00   2.936283e-15   2.659838e-14  -8.831466e-01
  9.149559e+00   2.040057e-15   1.866562e-14  -8.743591e-01
  9.241513e+00   1.412202e-15   1.305089e-14  -8.656591e-01
  9.334392e+00   9.739708e-16   9.091425e-15  -8.570456e-01
  9.428204e+00   6.692265e-16   6.309604e-15  -8.485179e-01
  9.522959e+00   4.581021e-16   4.362487e-15  -8.400750e-01
  9.618667e+00   3.123897e-16   3.004773e-15  -8.317161e-01
  9.715336e+00   2.122072e-16   2.061664e-15  -8.234404e-01
  9.812976e+00   1.435937e-16   1.409082e-15  -8.152470e-01
  9.911599e+00   9.678446e-17   9.592887e-16  -8.071352e-01
  1.001121e+01   6.497612e-17   6.504897e-16  -7.991041e-01
  1.011183e+01   4.344726e-17   4.393312e-16  -7.911528e-01
  1.021345e+01   2.893437e-17   2.955198e-16  -7.832807e-01
  1.031610e+01   1.919071e-17   1.979733e-16  -7.754870e-01
  1.041978e+01   1.267581e-17   1.320791e-16  -7.677707e-01
  1.052450e+01   8.337766e-18   8.775079e-17  -7.601313e-01
  1.063027e+01   5.461286e-18   5.805495e-17  -7.525679e-01
  1.073711e+01   3.561993e-18   3.824550e-17  -7.450797e-01
  1.084502e+01   2.313265e-18   2.508740e-17  -7.376660e-01
  1.095401e+01   1.495799e-18   1.638500e-17  -7.303261e-01
  1.106410e+01   9.629811e-19   1.065452e-17  -7.230593e-01
  1.117530e+01   6.172194e-19   6.897610e-18  -7.158647e-01
  1.128761e+01   3.938397e-19   4.445508e-18  -7.087417e-01
  1.140105e+01   2.501715e-19   2.852218e-18  -7.016896e-01
  1.151563e+01   1.581885e-19   1.821641e-18  -6.947077e-01
  1.163137e+01   9.956593e-20   1.158088e-18  -6.877952e-01
  1.174827e+01   6.237712e-20   7.328230e-19  -6.809516e-01
  1.186634e+01   3.889540e-20   4.615459e-19  -6.741760e-01
  1.198560e+01   2.413842e-20   2.893134e-19  -6.674678e-01
  1.210605e+01   1.490859e-20   1.804842e-19  -6.608264e-01
  1.222772e+01   9.163475e-21   1.120484e-19  -6.542511e-01
  1.235061e+01   5.604782e-21   6.922248e-20  -6.477412e-01
  1.247474e+01   3.411227e-21   4.255417e-20  -6.412960e-01
  1.260011e+01   2.065829e-21   2.602968e-20  -6.349150e-01
  1.272674e+01   1.244767e-21   1.584184e-20  -6.285975e-01
  1.285465e+01   7.462252e-22   9.592464e-21  -6.223429e-01
  1.298384e+01   4.450587e-22   5.778571e-21  -6.161505e-01
  1.311433e+01   2.640631e-22   3.463011e-21  -6.100197e-01
  1.324613e+01   1.558542e-22   2.064466e-21  -6.039499e-01
  1.337926e+01   9.150123e-23   1.224219e-21  -5.979405e-01
  1.351372e+01   5.343299e-23   7.220785e-22  -5.919909e-01
  1.364954e+01   3.103436e-23   4.236046e-22  -5.861004e-01
  1.378672e+01   1.792681e-23   2.471519e-22  -5.802686e-01
  1.392528e+01   1.029833e-23   1.434070e-22  -5.744949e-01
  1.406523e+01   5.883141e-24   8.274771e-23  -5.687786e-01
  1.420659e+01   3.342000e-24   4.747840e-23  -5.631191e-01
  1.434936e+01   1.887702e-24   2.708733e-23  -5.575160e-01
  1.449358e+01   1.060146e-24   1.536530e-23  -5.519686e-01
  1.463924e+01   5.919397e-25   8.665548e-24  -5.464764e-01
  1.478637e+01   3.285820e-25   4.858534e-24  -5.410389e-01
  1.493497e+01   1.813171e-25   2.707966e-24  -5.356555e-01
  1.508507e+01   9.945729e-26   1.500320e-24  -5.303256e-01
  1.523668e+01   5.422643e-26   8.262307e-25  -5.250488e-01
  1.538981e+01   2.938566e-26   4.522397e-25  -5.198245e-01
  1.554448e+01   1.582643e-26   2.460137e-25  -5.146521e-01
  1.570071e+01   8.470850e-27   1.329983e-25  -5.095312e-01
  1.585850e+01   4.505467e-27   7.144995e-26  -5.044613e-01
  1.601788e+01   2.381190e-27   3.814161e-26  -4.994419e-01
  1.617886e+01   1.250436e-27   2.023064e-26  -4.944723e-01
  1.634146e+01   6.524008e-28   1.066118e-26  -4.895522e-01
  1.650570e+01   3.381615e-28   5.581592e-27  -4.846811e-01
  1.667158e+01   1.741253e-28   2.902944e-27  -4.798585e-01
  1.683913e+01   8.906326e-29   1.499748e-27  -4.750838e-01
  1.700837e+01   4.524857e-29   7.696045e-28  -4.703566e-01
  1.717931e+01   2.283238e-29   3.922444e-28  -4.656765e-01
  1.735196e+01   1.144214e-29   1.985436e-28  -4.610429e-01
  1.752635e+01   5.694337e-30   9.980095e-29  -4.564555e-01
  1.770250e+01   2.814026e-30   4.981528e-29  -4.519137e-01
  1.788041e+01   1.380801e-30   2.468929e-29  -4.474171e-01
  1.806011e+01   6.726993e-31   1.214902e-29  -4.429652e-01
  1.824162e+01   3.253615e-31   5.935120e-30  -4.385576e-01
  1.842495e+01   1.562193e-31   2.878333e-30  -4.341939e-01
  1.861012e+01   7.445508e-32   1.385618e-30  -4.298736e-01
  1.879716e+01   3.522188e-32   6.620712e-31  -4.255963e-01
  1.898607e+01   1.653698e-32   3.139723e-31  -4.213615e-01
  1.917688e+01   7.705349e-33   1.477646e-31  -4.171689e-01
  1.936962e+01   3.562763e-33   6.900935e-32  -4.130180e-01
  1.956428e+01   1.634580e-33   3.197939e-32  -4.089084e-01
  1.976091e+01   7.440734e-34   1.470357e-32  -4.048397e-01
  1.995951e+01   3.360322e-34   6.707037e-33  -4.008115e-01
  2.016010e+01   1.505450e-34   3.035003e-33  -3.968233e-01
  2.036272e+01   6.690164e-35   1.362299e-33  -3.928749e-01
  2.056737e+01   2.948874e-35   6.065057e-34  -3.889657e-01
  2.077407e+01   1.289106e-35   2.677997e-34  -3.850954e-01
  2.098285e+01   5.588521e-36   1.172631e-34  -3.812637e-01
  2.119374e+01   2.402394e-36   5.091571e-35  -3.774700e-01
  2.140674e+01   1.023984e-36   2.192017e-35  -3.737141e-01
  2.162188e+01   4.327192e-37   9.356202e-36  -3.699956e-01
  2.183918e+01   1.812777e-37   3.958957e-36  -3.663141e-01
  2.205867e+01   7.527824e-38   1.660538e-36  -3.626692e-01
  2.228036e+01   3.098433e-38   6.903420e-37  -3.590606e-01
  2.250428e+01   1.263929e-38   2.844381e-37  -3.554879e-01
  2.273045e+01   5.109416e-39   1.161394e-37  -3.519507e-01
  2.295890e+01   2.046668e-39   4.698925e-38  -3.484488e-01
  2.318964e+01   8.122883e-40   1.883667e-38  -3.449816e-01
  2.342270e+01   3.193877e-40   7.480922e-39  -3.415490e-01
  2.365810e+01   1.244026e-40   2.943130e-39  -3.381505e-01
  2.389587e+01   4.799565e-41   1.146898e-39  -3.347859e-01
  2.413603e+01   1.833971e-41   4.426478e-40  -3.314547e-01
  2.437860e+01   6.939976e-42   1.691869e-40  -3.281567e-01
  2.462361e+01   2.600486e-42   6.403334e-41  -3.248915e-01
  2.487108e+01   9.648011e-43   2.399564e-41  -3.216587e-01
  2.512104e+01   3.543749e-43   8.902266e-42  -3.184582e-01
  2.537351e+01   1.288501e-43   3.269379e-42  -3.152895e-01
  2.562852e+01   4.637213e-44   1.188449e-42  -3.121523e-01
  2.588609e+01   1.651709e-44   4.275629e-43  -3.090463e-01
  2.614625e+01   5.821934e-45   1.522217e-43  -3.059713e-01
  2.640902e+01   2.030535e-45   5.362444e-44  -3.029268e-01
  2.667444e+01   7.006726e-46   1.869005e-44  -2.999126e-01
  2.694252e+01   2.391842e-46   6.444225e-45  -2.969284e-01
  2.721329e+01   8.076313e-47   2.197831e-45  -2.939740e-01
  2.748679e+01   2.697163e-47   7.413635e-46  -2.910489e-01
  2.776304e+01   8.907665e-48   2.473039e-46  -2.881529e-01
  2.804206e+01   2.908923e-48   8.157221e-47  -2.852857e-01
  2.832389e+01   9.392048e-49   2.660193e-47  -2.824471e-01
  2.860855e+01   2.997751e-49   8.576131e-48  -2.796367e-01
  2.889607e+01   9.457683e-50   2.732899e-48  -2.768542e-01
  2.918648e+01   2.948995e-50   8.607078e-49  -2.740995e-01
  2.947981e+01   9.086754e-51   2.678758e-49  -2.713722e-01
  2.977609e+01   2.766519e-51   8.237611e-50  -2.686720e-01
  3.007534e+01   8.321329e-52   2.502668e-50  -2.659986e-01
  3.037760e+01   2.472458e-52   7.510736e-51  -2.633519e-01
  3.068290e+01   7.255794e-53   2.226288e-51  -2.607315e-01
  3.099127e+01   2.102821e-53   6.516909e-52  -2.581372e-01
  3.130274e+01   6.017578e-54   1.883667e-52  -2.555687e-01
  3.161734e+01   1.700135e-54   5.375373e-53  -2.530257e-01
  3.193510e+01   4.741613e-55   1.514239e-53  -2.505081e-01
  3.225605e+01   1.305234e-55   4.210170e-54  -2.480155e-01
  3.258023e+01   3.545747e-56   1.155212e-54  -2.455477e-01
  3.290767e+01   9.504305e-57   3.127645e-55  -2.431044e-01
  3.323839e+01   2.513401e-57   8.354142e-56  -2.406855e-01
  3.357244e+01   6.556419e-58   2.201150e-56  -2.382907e-01
  3.390985e+01   1.686819e-58   5.719980e-57  -2.359196e-01
  3.425065e+01   4.279569e-59   1.465780e-57  -2.335722e-01
  3.459488e+01   1.070514e-59   3.703430e-58  -2.312481e-01
  3.494256e+01   2.639831e-60   9.224247e-59  -2.289471e-01
  3.529374e+01   6.416241e-61   2.264531e-59  -2.266691e-01
  3.564845e+01   1.536859e-61   5.478663e-60  -2.244137e-01
  3.600672e+01   3.627130e-62   1.306011e-60  -2.221807e-01
  3.636860e+01   8.433227e-63   3.067046e-61  -2.199700e-01
  3.673411e+01   1.931304e-63   7.094472e-62  -2.177813e-01
  3.710329e+01   4.355687e-64   1.616103e-62  -2.156143e-01
  3.747618e+01   9.672391e-65   3.624843e-63  -2.134689e-01
  3.785283e+01   2.114475e-65   8.003887e-64  -2.113449e-01
  3.823325e+01   4.549694e-66   1.739496e-64  -2.092419e-01
  3.861750e+01   9.633629e-67   3.720267e-65  -2.071599e-01
  3.900562e+01   2.006975e-67   7.828331e-66  -2.050987e-01
  3.939763e+01   4.112945e-68   1.620403e-66  -2.030579e-01
  3.979358e+01   8.289637e-69   3.298743e-67  -2.010374e-01
  4.019351e+01   1.642861e-69   6.603236e-68  -1.990371e-01
  4.059747e+01   3.200798e-70   1.299443e-68  -1.970566e-01
  4.100548e+01   6.129366e-71   2.513376e-69  -1.950959e-01
  4.141759e+01   1.153395e-71   4.777084e-70  -1.931547e-01
  4.183384e+01   2.132307e-72   8.920259e-71  -1.912327e-01
  4.225428e+01   3.871970e-73   1.636073e-71  -1.893299e-01
  4.267894e+01   6.904376e-74   2.946715e-72  -1.874461e-01
  4.310787e+01   1.208716e-74   5.210518e-73  -1.855810e-01
  4.354111e+01   2.076952e-75   9.043282e-74  -1.837344e-01
  4.397871e+01   3.502061e-76   1.540161e-74  -1.819062e-01
  4.442070e+01   5.793032e-77   2.573306e-75  -1.800962e-01
  4.486714e+01   9.398541e-78   4.216856e-76  -1.783042e-01
  4.531806e+01   1.495106e-78   6.775530e-77  -1.765301e-01
  4.577351e+01   2.331430e-79   1.067177e-77  -1.747736e-01
  4.623355e+01   3.562790e-80   1.647204e-78  -1.730345e-01
  4.669820e+01   5.333978e-81   2.490872e-79  -1.713128e-01
  4.716753e+01   7.821280e-82   3.689104e-80  -1.696082e-01
  4.764157e+01   1.122894e-82   5.349643e-81  -1.679206e-01
  4.812037e+01   1.577972e-83   7.593261e-82  -1.662498e-01
  4.860399e+01   2.169806e-84   1.054612e-82  -1.645955e-01
  4.909247e+01   2.918509e-85   1.432768e-83  -1.629578e-01
  4.958586e+01   3.838599e-86   1.903402e-84  -1.613363e-01
  5.008420e+01   4.935201e-87   2.471756e-85  -1.597310e-01
  5.058756e+01   6.200138e-88   3.136499e-86  -1.581417e-01
  5.109597e+01   7.608542e-89   3.887658e-87  -1.565681e-01
  5.160949e+01   9.116725e-90   4.705095e-88  -1.550102e-01
  5.212818e+01   1.066208e-90   5.557948e-89  -1.534679e-01
  5.265207e+01   1.216559e-91   6.405437e-90  -1.519408e-01
  5.318124e+01   1.353720e-92   7.199253e-91  -1.504290e-01
  5.371572e+01   1.468381e-93   7.887515e-92  -1.489322e-01
  5.425557e+01   1.551906e-94   8.419954e-93  -1.474503e-01
  5.480085e+01   1.597364e-95   8.753691e-94  -1.459831e-01
  5.535160e+01   1.600449e-96   8.858740e-95  -1.445306e-01
  5.590790e+01   1.560118e-97   8.722293e-96  -1.430925e-01
  5.646978e+01   1.478840e-98   8.350976e-97  -1.416687e-01
  5.703731e+01   1.362362e-99   7.770547e-98  -1.402591e-01
  5.761055e+01  1.219050e-100   7.023015e-99  -1.388635e-01
  5.818954e+01  1.058880e-101  6.161575e-100  -1.374818e-01
  5.877436e+01  8.922671e-103  5.244242e-101  -1.361138e-01
  5.936505e+01  7.289194e-104  4.327234e-102  -1.347594e-01
  5.996168e+01  5.769002e-105  3.459190e-103  -1.334186e-01
  6.056430e+01  4.420213e-106  2.677071e-104  -1.320910e-01
  6.117298e+01  3.276240e-107  2.004174e-105  -1.307767e-01
  6.178778e+01  2.347196e-108  1.450280e-106  -1.294754e-01
  6.240876e+01  1.624037e-109  1.013541e-107  -1.281871e-01
  6.303598e+01  1.084242e-110  6.834625e-109  -1.269117e-01
  6.366950e+01  6.977961e-112  4.442833e-110  -1.256489e-01
  6.430939e+01  4.324799e-113  2.781252e-111  -1.243986e-01
  6.495571e+01  2.578540e-114  1.674909e-112  -1.231608e-01
  6.560852e+01  1.477263e-115  9.692102e-114  -1.219354e-01
  6.626790e+01  8.122489e-117  5.382603e-115  -1.207221e-01
  6.693390e+01  4.280582e-118  2.865160e-116  -1.195209e-01
  6.760660e+01  2.159194e-119  1.459758e-117  -1.183316e-01
  6.828606e+01  1.040885e-120  7.107795e-119  -1.171542e-01
  6.897235e+01  4.787744e-122  3.302219e-120  -1.159885e-01
  6.966553e+01  2.097550e-123  1.461269e-121  -1.148344e-01
  7.036568e+01  8.7